<?xml version="1.0" encoding="UTF-8"?>
<testsuite xmlns:xsi="http://www.w3.org/2001/XMLSchema-instance" xsi:noNamespaceSchemaLocation="https://maven.apache.org/surefire/maven-failsafe-plugin/xsd/failsafe-test-report-3.0.xsd" version="3.0" name="starter.CucumberTestSuite" time="31.188" tests="15" errors="0" skipped="0" failures="0">
  <properties>
[...]
</properties>
  <testcase name="GET As admin I have be able to get all product" classname="user" time="5.192">
    <system-out><![CDATA[12:24:50.906 [main] DEBUG net.thucydides.core.guice.Injectors - Created injector for module net.thucydides.core.guice.ThucydidesModule
12:24:51.216 [main] INFO io.cucumber.core.plugin.SerenityReporter - Running feature from file:///C:/Users/ASUS/Documents/GitHub/Mini-Project/RestTesting/src/test/resources/api/Api.feature
12:24:51.216 [main] WARN io.cucumber.core.plugin.SerenityReporter - Feature from file:///C:/Users/ASUS/Documents/GitHub/Mini-Project/RestTesting/src/test/resources/api/Api.feature is not under the 'features' directory. Requirements report will not be correctly generated!
12:24:51.376 [main] DEBUG net.thucydides.core.guice.Injectors - Created injector for module net.thucydides.core.guice.webdriver.WebDriverModule
12:24:51.391 [main] INFO  - 

-------------------------------------------------------------------------------------
     _______. _______ .______       _______ .__   __.  __  .___________.____    ____ 
    /       ||   ____||   _  \     |   ____||  \ |  | |  | |           |\   \  /   / 
   |   (----`|  |__   |  |_)  |    |  |__   |   \|  | |  | `---|  |----` \   \/   /  
    \   \    |   __|  |      /     |   __|  |  . `  | |  |     |  |       \_    _/   
.----)   |   |  |____ |  |\  \----.|  |____ |  |\   | |  |     |  |         |  |     
|_______/    |_______|| _| `._____||_______||__| \__| |__|     |__|         |__|    
                                                                                     
 News and tutorials at http://www.serenity-bdd.info                                  
 Documentation at https://wakaleo.gitbooks.io/the-serenity-book/content/             
 Join the Serenity Community on Gitter: https://gitter.im/serenity-bdd/serenity-core 
 Serenity BDD Support and Training at http://serenity-bdd.info/#/trainingandsupport  
-------------------------------------------------------------------------------------

12:24:51.394 [main] DEBUG net.thucydides.core.steps.StepEventBus - Test suite started for story net.thucydides.core.model.Story@cb4683e1
12:24:51.398 [main] INFO  - Test Suite Started: User
12:24:51.412 [main] INFO io.cucumber.core.plugin.SerenityReporter - Running feature from file:///C:/Users/ASUS/Documents/GitHub/Mini-Project/RestTesting/src/test/resources/api/Api.feature
12:24:51.412 [main] WARN io.cucumber.core.plugin.SerenityReporter - Feature from file:///C:/Users/ASUS/Documents/GitHub/Mini-Project/RestTesting/src/test/resources/api/Api.feature is not under the 'features' directory. Requirements report will not be correctly generated!
12:24:51.416 [main] DEBUG net.thucydides.core.steps.StepEventBus - Test suite started for story net.thucydides.core.model.Story@cb4683e1
12:24:51.416 [main] INFO  - Test Suite Started: User

Scenario: GET As admin I have be able to get all product &amp#27;[90m# src/test/resources/api/Api.feature:5&amp#27;[0m
12:24:51.549 [main] INFO io.cucumber.core.plugin.SerenityReporter - Running feature from file:///C:/Users/ASUS/Documents/GitHub/Mini-Project/RestTesting/src/test/resources/api/Api.feature
12:24:51.549 [main] WARN io.cucumber.core.plugin.SerenityReporter - Feature from file:///C:/Users/ASUS/Documents/GitHub/Mini-Project/RestTesting/src/test/resources/api/Api.feature is not under the 'features' directory. Requirements report will not be correctly generated!
12:24:51.667 [main] INFO  - 
  _____   ___   ___   _____     ___   _____     _     ___   _____   ___   ___  
 |_   _| | __| / __| |_   _|   / __| |_   _|   /_\   | _ \ |_   _| | __| |   \ 
   | |   | _|  \__ \   | |     \__ \   | |    / _ \  |   /   | |   | _|  | |) |
   |_|   |___| |___/   |_|     |___/   |_|   /_/ \_\ |_|_\   |_|   |___| |___/ 

GET As admin I have be able to get all product(user;get-as-admin-i-have-be-able-to-get-all-product)
--------------------------------------------------------------------------------
12:24:52.329 [main] DEBUG net.thucydides.core.steps.StepInterceptor - STARTING STEP: PostSteps.getApiAllProductEndpoints - I set GET all product api endpoints
12:24:52.333 [main] DEBUG net.thucydides.core.steps.StepInterceptor - STEP DONE: I set GET all product api endpoints
  &amp#27;[32mGiven &amp#27;[0m&amp#27;[32mI set GET all product api endpoints&amp#27;[0m              &amp#27;[90m# starter.stepdefinitions.PostSteps.getApiAllProductEndpoints()&amp#27;[0m
12:24:52.348 [main] DEBUG net.thucydides.core.steps.StepInterceptor - STARTING STEP: PostSteps.sendGetAllProductHttpRequest - I send GET all product HTTP request
12:24:53.774 [main] DEBUG net.thucydides.core.steps.StepInterceptor - STARTING STEP: GetAllProduct.sendGetHttpRequest - I set GET all product api endpoints
12:24:53.774 [main] DEBUG net.thucydides.core.steps.StepInterceptor - STEP DONE: I set GET all product api endpoints
12:24:54.901 [main] DEBUG org.apache.http.impl.conn.BasicClientConnectionManager - Get connection for route {s}->https://altashop-api.fly.dev:443
12:24:54.918 [main] DEBUG org.apache.http.impl.conn.DefaultClientConnectionOperator - Connecting to altashop-api.fly.dev:443
12:24:55.207 [main] DEBUG org.apache.http.client.protocol.RequestAddCookies - CookieSpec selected: ignoreCookies
12:24:55.208 [main] DEBUG org.apache.http.client.protocol.RequestAuthCache - Auth cache not set in the context
12:24:55.208 [main] DEBUG org.apache.http.client.protocol.RequestTargetAuthentication - Target auth state: UNCHALLENGED
12:24:55.209 [main] DEBUG org.apache.http.client.protocol.RequestProxyAuthentication - Proxy auth state: UNCHALLENGED
12:24:55.209 [main] DEBUG org.apache.http.impl.client.DefaultHttpClient - Attempt 1 to execute request
12:24:55.209 [main] DEBUG org.apache.http.impl.conn.DefaultClientConnection - Sending request: GET /api/products HTTP/1.1
12:24:55.209 [main] DEBUG org.apache.http.wire -  >> "GET /api/products HTTP/1.1[\r][\n]"
12:24:55.210 [main] DEBUG org.apache.http.wire -  >> "Accept: */*[\r][\n]"
12:24:55.211 [main] DEBUG org.apache.http.wire -  >> "Host: altashop-api.fly.dev[\r][\n]"
12:24:55.211 [main] DEBUG org.apache.http.wire -  >> "Connection: Keep-Alive[\r][\n]"
12:24:55.211 [main] DEBUG org.apache.http.wire -  >> "User-Agent: Apache-HttpClient/4.5.13 (Java/1.8.0_261)[\r][\n]"
12:24:55.211 [main] DEBUG org.apache.http.wire -  >> "Accept-Encoding: gzip,deflate[\r][\n]"
12:24:55.211 [main] DEBUG org.apache.http.wire -  >> "[\r][\n]"
12:24:55.211 [main] DEBUG org.apache.http.headers - >> GET /api/products HTTP/1.1
12:24:55.211 [main] DEBUG org.apache.http.headers - >> Accept: */*
12:24:55.211 [main] DEBUG org.apache.http.headers - >> Host: altashop-api.fly.dev
12:24:55.211 [main] DEBUG org.apache.http.headers - >> Connection: Keep-Alive
12:24:55.211 [main] DEBUG org.apache.http.headers - >> User-Agent: Apache-HttpClient/4.5.13 (Java/1.8.0_261)
12:24:55.211 [main] DEBUG org.apache.http.headers - >> Accept-Encoding: gzip,deflate
12:24:55.609 [main] DEBUG org.apache.http.wire -  << "HTTP/1.1 200 OK[\r][\n]"
12:24:55.612 [main] DEBUG org.apache.http.wire -  << "content-type: application/json[\r][\n]"
12:24:55.612 [main] DEBUG org.apache.http.wire -  << "date: Wed, 10 May 2023 05:24:55 GMT[\r][\n]"
12:24:55.612 [main] DEBUG org.apache.http.wire -  << "transfer-encoding: chunked[\r][\n]"
12:24:55.612 [main] DEBUG org.apache.http.wire -  << "content-encoding: gzip[\r][\n]"
12:24:55.612 [main] DEBUG org.apache.http.wire -  << "server: Fly/3f2597ca (2023-05-03)[\r][\n]"
12:24:55.612 [main] DEBUG org.apache.http.wire -  << "via: 1.1 fly.io[\r][\n]"
12:24:55.612 [main] DEBUG org.apache.http.wire -  << "fly-request-id: 01H021X7C2NKBD0HC7G4FHT6M6-sin[\r][\n]"
12:24:55.612 [main] DEBUG org.apache.http.wire -  << "[\r][\n]"
12:24:55.614 [main] DEBUG org.apache.http.impl.conn.DefaultClientConnection - Receiving response: HTTP/1.1 200 OK
12:24:55.614 [main] DEBUG org.apache.http.headers - << HTTP/1.1 200 OK
12:24:55.614 [main] DEBUG org.apache.http.headers - << content-type: application/json
12:24:55.614 [main] DEBUG org.apache.http.headers - << date: Wed, 10 May 2023 05:24:55 GMT
12:24:55.614 [main] DEBUG org.apache.http.headers - << transfer-encoding: chunked
12:24:55.614 [main] DEBUG org.apache.http.headers - << content-encoding: gzip
12:24:55.614 [main] DEBUG org.apache.http.headers - << server: Fly/3f2597ca (2023-05-03)
12:24:55.614 [main] DEBUG org.apache.http.headers - << via: 1.1 fly.io
12:24:55.614 [main] DEBUG org.apache.http.headers - << fly-request-id: 01H021X7C2NKBD0HC7G4FHT6M6-sin
12:24:55.621 [main] DEBUG org.apache.http.impl.client.DefaultHttpClient - Connection can be kept alive indefinitely
12:24:55.627 [main] DEBUG io.restassured.internal.RestAssuredHttpBuilder - Parsing response as: application/json
12:24:55.628 [main] DEBUG org.apache.http.wire -  << "440[\r][\n]"
12:24:55.628 [main] DEBUG org.apache.http.wire -  << "[0x1f][0x8b][0x8][0x0][0x0][0x0][0x0][0x0][0x4][0xff][0xaa]VJI,IT[0xb2][0x8a][0xae]V[0xf2]tQ[0xb2]241[0xb1]0[0xd6]Q[0xf2]K[0xcc]MU[0xb2]R[0xf2],[0xc8][0xc8][0xcf]KU04T03QHOR[0xd2]QrI-N.[0xca],([0xc9][0xcc][0xcf]S[0xb2]R*[0xc8]I[0xac]T[0xc8]H,V[0xc8][0xcb]W[0xc8][0xc9][0xcc][0xcd],)V[0xd2]Q[\n]"
12:24:55.628 [main] DEBUG org.apache.http.wire -  << "([0xca]LNU[0xb2]2[0xb2][0xb4][0xd4]Q[\n]"
12:24:55.628 [main] DEBUG org.apache.http.wire -  << "J,[0xc9][0xcc]K/V[0xb2]2[0xd2]QrN,IM[0xcf]/[0xca]L-F[0xd8]fdjb[0x8][0xb7][0xcd]=173/[0x1d][0xc3][0x12][0xb7][0xfc]"[0x85]t[0xb0][0x94]BAiQA~qj[0xb1]Rml[0xad][0xe][0xc2][0xc1][0x16]p#[0xdc]J[0x8b][0xf2]2KJ[0x8b]R[0x15]B[0xf2][0xb]0M[0x82][0xcb][0xa6]$[0x16]e*x[0xa5][0x16]$[0x16]%"\lh[0x82][0xec]b[0x13]4[0x17][0xa3][0xd8]h[\n]"
12:24:55.628 [main] DEBUG org.apache.http.wire -  << "[0xb7]18?[0xaf]R! [0xd8][0x10][0xc3]2[0x84][0xb9][0x6]H[0xe1]`[0x80]f*[0xd4][0x13][0xd4][0x9][0x7]3[0xb8][0xab][0xa8][0x18][0xe][0xc6]h.F[0xe][0x7]KD[0xe4][0xb9][0x84][0xb9]([0xf8][0x96][0xa6][0xa7][0xe6])[0x84][0x14]%f[0xe6][0xe1][0x9][0xe]C#[0x3][0x3][0x3][0xe4]0[0xc1][0x17][0xd2][0x96]Fp?%[0xe6]%f+$V&[0xe6]b[0x98]]\Z\[0xaa][0x0][0x92]F[0x84][0xb9]%J[0xea]C[0xf]u[0x14]?[0x98][0xc3]m[0x88]p[0xf2][0x8f][0xc0][0x8c]HD[0xfa]C[0x18]o[0x82]b<z[0x10]Q3RA[0x16]As#v[0xe7][0xe1]r[0x14][0xba][0x9f][0xa9][0xe8](SP[0xf4]A[0x1d]E[0x9b]x75@[0xa4],P[0xc4]R?[0xde]M[\r]h[0x9d][0xb2]L-[0x10][0xe5][0x92]SQbrjNj[0x9]F[0xd2][0xf5]MLIU[0xc8]OS[0xc8][0xc8]L[0xcf]P(,M[0xcc][0xc9],[0xa9]T(HM,[0xca]A.J[0x8d][0x88][0xcc].f[0xe6][0x6][0xf0][0xc4]LM+[0xd1][0xd3][0x12]R[0xfe]13GT[0x17][0x14][0xa4][0x5][0xbc]6[0x98][0xc0]=[0x15]TZ\[0x92][0x99][0xac][0x10][0x90]X[0x90]Z[0xa4][0xe0][0x9e][0x93]_[0x96][\n]"
12:24:55.629 [main] DEBUG org.apache.http.wire -  << "[\n]"
12:24:55.629 [main] DEBUG org.apache.http.wire -  << "&[0xd4]J)[0xb0]4?E[0xa1][0xb0]4S!/[0xb1][0xa4][0xb4][0x18][0xc4]J*-NI[0xcc]UH-[0xd1]Cd[0x16]CP[0x1a][0x86]WOx[0xad]G[0x14][0xf6][0x9e]y%[0xa9]99[0x99][0xe9][0xa9]y%[\n]"
12:24:55.629 [main] DEBUG org.apache.http.wire -  << "[0xe1][0xf9][0xf9]9[\n]"
12:24:55.629 [main] DEBUG org.apache.http.wire -  << "[0x1e][0x89][0x98]Q[0xea][0x97]Z[0x9c][0x9c]Y[0x9a]W[0xa2][0x90][\n]"
12:24:55.629 [main] DEBUG org.apache.http.wire -  << "V[0x99][0x92][0xa9][0x90][0x92][0x99]\[0x92][0xa8][0x90][0x97][0x9f][0x94]Y[0xac][0x90]\[0x9a][0xab][0x90]Z\[0xa2][0x90]Z\[0x9c]J[0x9e]s[0x10][0xa5]<[0xb4][0xee]1U[0x8][0xce][0xc9][0xc4],[0x15][0x89][0xaf][0x9c][0xf1][0xfa][0x1e]Q<[0x6][0x4]+[0x98]b$[0xe0][0xf4][0xc4][0xdc]T[0x5]S[0x85][0xe2][0x92][0xc4]"D[0xe0][0xa2][0x16][0x8f]x[0x8d]G[0xe4][0x91][0x80][0xa2][0xc4][0xe4][0x92][0xcc][0xe4][0xc4][0x1c][0x85][0xe0][0xcc][0x9c]l[0x5][0xef][0xbc][0xcc][0xb4]T[0xc][0xeb][0x1c]S2[0xb]2[0x8b][0x93]3[0x15]2S[0x14]Jsr[0x12]s[0x91][0xc2][0xd0][0x88][0xf8]([0xb5][0x84][0xa7][0xa8]AS[0xa8][0x9a]Y [\n]"
12:24:55.629 [main] DEBUG org.apache.http.wire -  << "[0xa4][0x80][0xa2][0xfc][0x94][0xd2][0xe4][0x12][0x5][0xc7][0xd2][0x9c][0xcc]D[0x5]c[0x8c]P[0xc8][0xcc][0xcb]T([0x80][0xaa]I[0x84][0xab][0x81]6[0xbc][0x90][0xcb][\n]"
12:24:55.629 [main] DEBUG org.apache.http.wire -  << "|A[0x8f][0xd4][0xce][0xcb][0xce],H,VH[0xcc]K[0xc7]Rq[0xe7][0xa6][0xe6][0xa5][0xa7][0xe6][0x94]&[0x16]e'[0xe6]A[0x94]([0x14]'[0xe6][0xa5]'[0x96](d[0xa7][0xe6]%'[0x82][0x1b]lP[0x9b][0xf1][0xe7])*V@[0xe6]f[0x88]T[0x19][0x9c][0x93][0x9a][0x9a][0xad][0x10][0x90][0x93][0x8].[0x19][0x9c][0xc1][0xc9][0x10][0xb5]@[0x0]%'[0xa4][0xb4]in`[0x86][0xa7]A[0x86]T[0xb4][0x99][0x9b]![0x92][0x89]k^~Qn~i[0xb1][0x82]s~^rQjI[0xaa]Bxb[0xe][0xb6][0x2]=[0xa8]4))[0x15])+X[0x9a][0x1a][0x9a][0x10]i[0x9d]9r[0x2][0x80][0xe7][0x85][0x92][0xd4][0xd4][0x1c][0x5][0xe7][0x8c][0xc4]L[0x90][0xa1][0xa8][0x1e]sLQHMT[0xc8]K[0xcd][0xcd]W([0xcb][0xcf])-(I,IE[0xce][0x10][0xa6][0x86][0xc4][0xda][0x8c](aiS[0x86][0x9b][0x9b]#[\n]"
12:24:55.630 [main] DEBUG org.apache.http.wire -  << "Q[0x8f][0x2][0x85][0xb0][0xcc][0xb2]|[0x85]H##[0x8c][0x84][0x9d][0x9b][0x9a][0x9b][0x99][0x93][0x99][0x9d][0xa9]P\[0x90]Z[0x9c][0x99][0x96][0x99][0x9d]X[0x9c][0xa9]P[0x99][0x98][0x97][0xae][0x90]X[0x90][0x99][0x8d][0x88]DcP[0x13][0x92][0xd8][0xec]nn[0x8e](2[0x87]\J7G[0xa4]t[0xfa][0x7][0x9c][0x5]"][0x4][0xe7]&[0xe6][0xe4](8[0xe6][0x94][0xe6]f[0xe6][0x95][0xe6]*8[0xe7][0xe4]'[0x83][0xe2][0x3]-A[0x96][0x96]([0xe4]e[0x16]g"%G[0x85][0xa2][0xd4][0x82][0xd4][0x9c][0x9c][0xc4][0x12][0x85][0xd4][0x12][0x85][0xfc][0xdc][0xbc][0xcc]b[0x10][0x3]&[0x88]\z[0x1b][0x13][0x99]X-[0x10]I[0x9][0x9e]+[0x11][0xee][0xc2][0x9a]Q[0xc2]Rs2K[0x14]2[0xf3][0xca]R[0xf3]J[0xf2][0x8b]R[0x15]R[0xf2]s[0xf2][0x8b]R[0x8b][0x91]l7[0xb3] [0xd6]vDZ[0xa2]^|[0x0][0x0][0x0][0x0][0xff][0xff]"
12:24:55.630 [main] DEBUG org.apache.http.wire -  << "[\r][\n]"
12:24:55.631 [main] DEBUG org.apache.http.wire -  << "499[\r][\n]"
12:24:55.631 [main] DEBUG org.apache.http.wire -  << ""[0xb2][0xc8]6[0xb7]@$[0x6]X[0xdd][0x8f][0x91][0x85][0xa8]R[0xed][0x9b][ [0x8a]>H[0xcc][0xc3][\n]"
12:24:55.631 [main] DEBUG org.apache.http.wire -  << "X[0xef][0xd4][0xca][0xa4][0xfc][0xc4][0xa2][0x14][0xc]{=[0x8b][0xf2]A[0xbd]>hU`ifLd[0xe1]ca[0x88]h@[0xc2]<E[0xc3][0x6][0x8d][0x5][0xa8]8[0x86][0xf6]][0xe8]a[0x1d][0xa8][0xe9][0x8e]f[0x1d]F[0xd0]Q%[0xca],[0x8c][0xe9][0x95]8,L[0x10][0xbd][0xc]X[0x10][0xd2][0xc8]OH[0xa3]C[0xb4][0xb6][0x9]Q[0xf9][0xba]%[0xe6][0x95]@Z[0x13][0xbe][0x89]EI9[0xa9][0xb8]:[0x1a]a[0x90]:[0xb7]X!9[0xbf][0xa8][0xa8][0xb4][0xa0]$S!/[0xbf][0xb8][0xa4][0xa8]4[0x17]T[0xe6][0x15][0xa5]f[0xa4][0xe6][0xa5][0xa4][0x16]e[0x96]([0xe4]$&[0xe5][0x17]!7[0xf6]-[0x88][0xcd][0x1a]&H[0xe5]/d[0x9c][0x9][0xb3][0x1]N[0x9d][0xc4]c[0x82](Ti[0x1d][0xd0][0x88][0x2][0xd4][0xb5](=?/?73Y[0xc1]'5[0xb1]$#[0xb5][0x8]W[0xa3][0xca][0xb5]D[0xa1](5[0xb9][0xb4]81/%1U!9?[0xaf]8[0xb5][0xb0]4[0xb1][0xa4][0xb4]H!5[0xb3][0xb4]X!%[0xb3][0xb8]$3/[0xb9]$3_![0xb1][0x14][0xb9][0x93][0x7][0xaa][0xbf][0x88][0xe9][0xe3]Y[0x98] [0xe5][0x1d]p{[0x12]Q[0xa1][0xe4][0xe7][0x16][0x94][0x96][0x80][t[0xa8]u[0x9d][0xb][0xa8][0xe][0xc9]L*-V(NMA[0xf4][0xf5]@[0x1d][0xcf][0xa4][0x9c][0xc4][0xbc][0x94][0xcc][0x92]Lp][0x87]T[0xc9][0x80]r(q[0xce]A*}i[0x1b][0xef][0xa6]t[0xcb][0xca][0xa0][0xc6](}[\n]"
12:24:55.631 [main] DEBUG org.apache.http.wire -  << "BS[0xcc][\n]"
12:24:55.631 [main] DEBUG org.apache.http.wire -  << "[0x5]w[0xf1][0x84][0xd8][0x1a][0xbd][0xff]D[0xc5]>[0x8c][0x85])[0x9d]2[0xb7][0xb1]1R?[0xa6]$[0x15][0x94]U[0xd2]a[0xbd]G[0x8c]p)[0xc9][0xc8],V[0xc8],V([0xc9]H[0x85][0xa9]QHA[0x1a][0xf3][0x87][0xf][0xef]#7Y[0xd0][0xc7]?[0x11]}(ccs[0xc4]@[0x1e][0xd5][0xec]6Dk2[0x99][0xe2][0x1c][0xa2]66F[0xea]TQ[0xd5]~[0xa4][0xe6]"^[0xeb][0x11][0x91]LU[0xeb][0x91][0x83][0x1f][0xaf][0xfd][0x88][0x82][0x8d]f[0xf6][0xa3]g[0x12][0x94][0xe8]G[0x8c][0xef][0xd0][0xcc]~[0xdc][0xf3][0x7][0xc6][0xc6][0xe6][0x88][0x92][0x94]f[0xf6][0xe3][0xf3][0xbf][0x5][0xa2]|[0xa5][0x99][0xfd][0xf8][0xb2][0x1f][0xd2][0xa0][0x12][0xcd][0xec][0xc7][0xeb]DY<0[0xf6]#[0xf2][0x9f]G[0x80]BnfI>F[0x91][0x7]n@[0x95][0xa4][0x16]%%"[0x8f]0[0x98][0x82][0x86][0x98][0x88][0xa8][0xac][0x8d][0x8d][0x91]:e[0xa4][\r]&[0xa2][0xe7][[0xea]U.[0xc6][0xc6][0xc8][0xfd]7[0xca][[0x10][0xf8]R[0x98]%"[0x86][0xc9][0x1d] [0xc6][0x97][0x81]-[0x11][0x11]H[0xc5]IM<I[0xd6][0x4][0xd4][0x1b][0xa7]GC[0xc5][0xd8][0x4]i[0x92][0x8b]^~CD[0x16]M[0x9b][0xf9][0xc6]&[0x6][0x88]xC[0xc][0xec][0x87][0xe7][0xe7][0xa7][0xa4][0xe6][0xe1][0x1a][0xda][0xcf][0xc9]L,VH+MOT@i[0xc4][0xe3][0x1f]UF[0xaa]lL[0xc][0x10][0x95][0x1d][0xf5]V.[0xe0]M*[0x88][0xda][0x5]f[0xa1][0x11][0xc5]K%[0xf0]Yh[0x88][0xa8]N`[0x16]R[0xbe]6[0x3][0xaf][0x85][0x88][0xe6][0x1b][0x9d],[0xc4][0xe8][0x88][0x9a]c/[0xb1][0x89]Zv[0x82][0xd7]k[0x88][0xd4][0x12][0x90][0x98][0x93][0xe8][0x93][0xef][0x3]Z[0xb][0x82][0xda][0xc9][0x3][0xd7][\r] [0x9b][0xb0]t[0x13][0x8c][0x91][0x7],[0xf1][0x14]a&[0x86][0x88]6[0x10][0xb9]%$^ [0x12]!-[0x8c]G[0x1a][0xc0][0xa2][0xcf][0x94][0xb2][0xb1][0x89][0x11]"[0xd1][0xd1][0xc4]G[0x88][0xa1][0x1e][0x9a][0x18][0x8f](c[0xe9][0x16]`[0x88][0xc2][0x96]nV"[0xf2])5[0xad][0xc4][0x97][0x8f][0x8c][0x10]#G[0xd4][0xb4][0x12]_[0xde]2B[0x94][0x11]4[0xae]/[0x8d][0x10][0xb9][0x98]F[\r]U[0x13]cD[0xe5]A[0xcb][0xf0][0x83]5c-[0xc][0x11]I[0xc4]199[0xb5][0xb8][0x18][0xb2][0xf8][0xf]}[0x11]aI[0xbe]Bj^Fb^r[0xaa]Bb[0x1]h[0xe9][0xb][0x88][0x89][0xbc][0xc2][0xcf][0xd8][0x4]4[0x97][0x0]m[0x92][0x15][0xa7][0x16][0xa4][0xa6]`[0x16][0xd4][0x89][0x99][0x95] A[0xe8][0xec][0x83][0x11]hX[0x8b][0x98][0xc6][0xbb][0x89]1[0xa2],[0xa0]e[0x98] [0xb7]R@[0xf5][0x6][0x8d]<C[0xff]b[0xc0][0x18][0x11][0xc7][0xc1][0xe0][0x98]Q[0xf0][0xc9],.)[0x2][0xf7][0xa4]P[0xab]R[0xa8]t[0xe]DZ!/=5[0xa9][0x14][0xb4]x[0x86][0xf4](C[0x14][0x3]P3[0xa1]V*8%[0xe6]$b[0xae][0xfa][0x84]*B[0xb5]X!)1/[0x1d][0xbc][0x1e][0xb]j[0xbf])[0xf1]I[0x6]Q&[0xd0]-[0xc9] Z[0x10]t[0xb3][0x12]Q[0x1e][0xd1][0xcb]J[0xa4]i%[0xe8]:/h[0xc1])[0x11]sUph[0x89]BjQQ~[0x11][0xf2][0xc4]@A~qqfni[0xb1]Bn~[0xe]h[0x9c]31[0x15]<6[0x9f][0x99][[0x90][0x9a][0x92][0x89]</@|[0x97][0x2]i[0x2][\n]"
12:24:55.631 [main] DEBUG org.apache.http.wire -  << "[0xd1][0x8d][0xf1][0xc9][0xcc]K[0xcd]Sp[0xca]/)[0xc9][0xc1][0xb2]B[0xa9][0xb4]D[0xa1] [0xb5][0xa8][0xb8] 393[0xb1]$[0xb3][0x18]:[0xd9][0xc]][0x4]V[0x90]_T[0x94][0xaf][0x90]YP[0xc]Z[0x6][0x96][0x88]47@[0x82][0x93][0xe8]_d[0x99] [0x9a]4[0x90][0xe5]6[0x90][0x10][0xc0][0xb1][0x0][0xcf]?--3[0x19]4[0xf9][0x81]<Q[0x93][0x98][0x97][0x99][0x9b][0x9][0x8f][0x98]b[0xc4][\n]"
12:24:55.631 [main] DEBUG org.apache.http.wire -  << "[0x1][0x85][0x94][0xd4][0x9c][0xd4][0xbc][0xcc][0x92]L[0xf2][0x2][0x83][0xfe]E[0x1e][0xd2]T[0x99]{~Qz*hU[0x10]d[0xd5][0x8f][0x2][0xb6][0xd5]G[0xfe])[0x99]%[0x90]4P[0x9a][0xb][0x9a][0x9e]R[0x80]$[0x1][0xf0][0xa4]`f~qb[0xae]Ba)[0x0][0x0][0x0][0xff][0xff]"
12:24:55.632 [main] DEBUG org.apache.http.wire -  << "[\r][\n]"
12:24:55.632 [main] DEBUG org.apache.http.wire -  << "62F[\r][\n]"
12:24:55.632 [main] DEBUG org.apache.http.wire -  << "[0xca]TH[0xcc][0xc9],,[0xcd]LQ(&7[0x9d]"[\n]"
12:24:55.632 [main] DEBUG org.apache.http.wire -  << "ED:u/J[0xcc][0xcb],IUp[0xce][0xc7][0xb2]L[0xd1][0xb5][0x4][0xd4][0xd7][0xce]L[0x84][0xad][0xca][0xc8][0xcd][0xcc][0xcb][0xcc]MT[0xc8]+[0xcd]-,M[0xcc]U(.-N[0xce], [0xd7]5[0x88]"2[0xb8]2/[0xb5]([0x1d]4A[0x97][0xc]Y2[0x19][0x9c][0x91]Y[0x4]*[0xf7]Qk[0x7]W[0xd0][0x8a][0xc8][0x12]x[0xaa][0x0][0xcf][0xab][0x15][0xe4]$&[0xa7][0x82][0x17][0x8e][0x90][0x95]4@[0x5]:[0xb4][0x9e]U[0xa0]Q[0x17][0xd2][0x14][0x91][0x15][0xc9]j[0x1e]"[0x8f][0xe2][0xe3]k[0x86][0x92]4[0xa3]Ep/[0x6]^[0x9b][0xe8][0x9f][0x9f]L[0x11]M[0x8]z[0xd5]4[0xa6][0x88][0xdc]B7+[0x11]Y[0x82]nV"Z[\r]d[0xa5]N[0xd4][0x1d]<xS[\r][0xa2][0xb1]@c[0x9b][0xcc][0x10]}[0x18][0xa8]M[0x98][0x1b]6[0xe0][0x83]6Xr[0x2][0xfe][0x95][0xc9][0xb0][0xae][0xb][0xe5][0xbb][0x92][0x8c]M[0xcc][0x10][0x83][0x18]P[0x97][0xd2]f[0xed][0x86][0xb1][0x89][0x19][0x85][0xa5][0x10][0xf1][0xf1]l[0x86][0xd4][0xe][0xa0]|V[0x1]_[0x8a]2C[0x94]C[0xb4][0xe]=D[0xf1]Ck[0x9b][0x10][0xa5][0xe][0xd4][0xa6]A[0x9b]v[0x11][0x85][0x15]N[0x97]"[0x16][0xe3][0xe2][0xab][0xc5][0xa8][0x9a][0xa3]0[0xca]3J[0xc2][0x8f][0x86][0xb3]o&H[0xb].[0x6]Q[0xf8]!m[0xe][0x82][0xba][0x8a]V%[0x12][0xd2][0xa2][0xf]?[0xd0][\n]"
12:24:55.632 [main] DEBUG org.apache.http.wire -  << "n[0x97][0xc4][0xd2]<[0x5][0xaf][0xd4][0xa2]R[0xcc]%[0xc3]`[0xf9][0xf2][0xd4][0xbc][0xc4][0xec]l[0x85][0x92][0xd4][0xbc][0xc4]<[0x85][0xdc][0xd2][0xa2]\[0xf0]z+h[0xcf][0xdc][0xd0][0x12][0xff][0x2]YX[0x12][0xb3][0xb0]D[0xa4][0xda][0xe4][0xfc][0xbc][0x92][0xfc][0xc][0xdd]d[0xc4][0x96]S[0xf4]Q'[0xb7][0xc4][0xe2][0x8c][0xcc][0xfc][0xbc][0xc4][0xa4][0x9c]T[0xd4][0xb1]&[0xa4][0x5]#`[0xb7]![0xdc][0xe][0xde][0x84][0xa6][0x90][0x9e]_[0x94][\n]"
12:24:55.632 [main] DEBUG org.apache.http.wire -  << "[0xde][0xf4][0x80][0xda][0x80][0x5][0xab][0xa5][0x92]?[0x10][0xe9][0x9c][0xb0]?0U [0xed][0x8d]56A[0xda][0x9d]E[0xeb]8[0xa7][9[0x8a][0xb4]$[0x9e][0xd6]~[0xa2][[0xbb][0x6][0xb4]$[0x14][0xda]Y[0xa1][0xb1][0x9f][0x90][0xb6][0xfd]D8[0xe5]W(`[0x96][0xa1][0xf4]/[0xd9]A[0xeb]4[0xa1][0xbe][0xc7][0xe1]&[0xc2][0x9b]p[0xd1][[0x13][0xb0]b[0x81][0x1a]m9[0xa4][0x9d][0x9c][0x83][0xd3]}tK[0xa7]H;[0xbe]q[0x84][0x4]"[0xf5][0xd0][0xaf][0xad][0x8d][0xb4]K|0[0xb9][0x8a]n[0xad]e[0xa4]E2[0xd8][0x97] [\r]l[0xf6][0xb1]D4|[0xb1];o@[0xd2][0xc][0xa2][0x96][0xc5][0xee][0xa8][0x1][\r]3[0xe4]-[0xf6][0xd8][0x9d][0x87]+[0xcc]h[0xd8][0xae]E[0xde][0x95]O[0xdb]Z[0xca][0xd4][0x0][0x91]w[0xb0]{[0x80]c[0x7][0xd1][0xd8][0xc1][0xee]<\[0xb1]C[0xc3]Z[0xca][0x14][0xb4][0xaf][0x15]Z[0x8b][0xd2]:v([0xcf];[0xb4]L[0xa6]H[0xab][0xa4][0x6]O[0xec][0x18]"[0xc6][0x83][0xb0];j`S4[0xd2].<[0xec][0xce][0x1b][0x88][0x14][0x8d]e[0xaf][0x1e]mF[0xf2]M[0x91][0xd6]*[0xd0]8[0xef][0x18]"*CZ[0xdb][0x84][0xe8][0xf][0xd3][0xda]&Dy@c[0x9b][0x90]V[0xa3][0xd1][0xda]&z[0x8d][0xaa][0x9a][0x1a][0xd1]k[0xac][0xd3][0xd4][0x8]Qm[0xd1]:[0xf4][0xe8][0x96][0xca][0xe9][0xb6]D[0xcb][0xd4][0x88]~[0xa9][0x9c]^[0xfd]9S[0xa4]5a4N[0x11]Hk[0xb8]hm[0x13]"[0xe7]b[0xaf][0xca][0x6][0xb6][0xa6]5Fdw[0xec][0xce][0x1b][0x88][0x9a][0x16]y[0x1d][0x17]MgvL[0x8d][0xe9]V2[0x80][0xb6][0xdb]B[0xdb][0xc3][0x1e][0x1][\n]"
12:24:55.633 [main] DEBUG org.apache.http.wire -  << "[0xce][0xa0][0x83][0x1f]2[0xb1][0x9c]`[0x94][0x93]ZP[0x92]_[0xa0][0x80][0xb1][0x3][0xc8][0x12][0x4][0x90][0xb6][0xf9][0xa1]7[0xdd][0x91][0xd6][0xf4][0x99][0x1a]S[0xb5]h0[0xc4][0xbd][0x9f][0xd1][0x14]i[0x91][0xd4]@l[0xa8]B[0x1e]M[0xa3][0x9a][0xfd][0xf8]&[0x90][0x90]C[0xd9][0x4][0x91][0xb1][0x9][0xd9][0x8d][0xc8]C[0xa0][0xcd][0xa2]D[0xc6]"[0xd2]2'B[0xe6][0x13][0xbd]O[0x16]d=[0xd1][0xfe]C[0x94][0xc]T[0xb5][0x9f]X[0xef]#r&U[0xad]'[0xda][0xfb][0x88]LD3[0xfb][0xd1][0xbb][0x9d]([0xc9][0xb]Q[0xeb][0xd2][0xcc]~|[0x85][0x8][0xd2][0x82][0xa5][0x81][0xb1][0x1f][0xd1]C[0xa5][0x99][0xfd][0xe8][0xe7][0xc0]"[0x87]?[0xd2]j*[0x9a][0xd9][0x8f]7[0xfc][0x11]cN[0x3]c?[0x8d][0xb2]?[0xb1][0xf9][0xf]i![0xd6][0xc0][0xf8][0x1f]Q[0xfe][0xc0]Z[0x88][0xa6][0xa6]4[0x9a][0xa2]65Et[0x8e][0xa9][0xbb][0xa5][0xc0][0xd4][0x14]Q[0x8c]![0x9f][0x17][0x19][0xc]>[0xc8]-8#[0x1f][0xcb][0x91][0x95][0x9e][0xa0][0x3]+A[0x13][0xe5][0xf0]#+A[0xe7]V&[0x16][0x93][0xb5]&[0xd6][0xd4][0x14]Q[0x8e][0xc1][0xc2][0x91]F[0xa3]&[0x98][0xab][0xb1]h[0x15]]t[MeJ[0xb7][0xd5]T[0xa6]t[[0xe3][0x4][0xde][0xcb][0xe]m[0x9][0xd3]:E [0x12]?[0xfc]p6[0xd8][0xd1]a[0xd8][0xf]1[0x84][0x9f][0xa2][0x94]Y\[0x92][0xaa][0x90][0x97][0x9f][0x7]:w[0xa4],3[0x5]t[0xc6]jj1Y[0xab][0xf6]M[0x91][0xd6][0xdf][0xb8][0x94][0x16][0x81][0xd6]x@[0xd6][0x1e]cwA0t[0xa9][0xb3]Bai>[0xe4][0xb0]&[0xc8][0xba][0xec][0xcc]<r[0xd6][0x1d][0x9b][0xd2]m[0x99][0x8d])[0xd2]2[0x1b][0x1a]G+[0xdd][0x96][0x91][0x98]"[0x1d][0x14]Ik?!j[0x0]Z[0xdb]D[0xb7][0x2][0x19][0xe9][0xb8][0x91][0x80]`[0x13][0xcc]R[0xbf][0xd8]D!)[0xb1][0xa8][0x14][0xd1];2[0xc6][0xbf][0xb6][\n]"
12:24:55.633 [main] DEBUG org.apache.http.wire -  << "[0xb9]yF[0xb7]%*[0xa6]H[0x87][0x96][0xd0]8f[0x90][0x16][0xc3][0xd0][0xda]&D[0xe3][0x8e][0xd6]6[0xd1]m[0x90][0xd7][0x2][0xb3][0xc1][0x86][0x99][0xe4][0x88][0xbe]"[0x2]_[0xd3][0x1c][0xe9][0x8c][0x15]Z[0x87][0x1e][0xa2][0x2][0xa3][0xb5]Mt+[0x15],1[0x16][0xcd][0xd3][0xaa][0x99][0x86][0xb4]<[0x88][0xc6][0xa1][0x87][0xb4][0xe4][0x87][0xd6]6![0xba][0x85][0xb4][0xb6][0x9]QFP[0xbd][0xf4][0xb6][0xa4][[0xa9][0x80][0xb4][0xda][0x87][0xd6][0xe1]E[0xaf][0xbc]j[0x86]tR[0xf][0xe2][0xd0]J[0xc4][0x19][0x91]X[0xe][0x1d]w,-QHJM,IL[0x85]ojK[0xcd]U[0xc8]M[0xac][0xc8][0xcc]M[0x85][0x1c][0xd9][0x9d][0x99][0x93]S[0x9a][0xb][0xda][0xf0][0x7][0xba][0xf7][0x1][0xf9],b[0xa2][0xb7][0x82][0x9a]![0x1d]xC[0xdb][0xa0]63[0xa0]Wae6[0xb8][0xd7]I[0x98][\r][0xc6]u[0x12]f[0xf4]Z'ab[0x82]T[0x95][0xd0][0xe8]^[0x16][0xea][0x9e]\[0x86][0xbb]Qab[0x86][0xb4][0xaa][0x97][0xa6][0xb9][0xc7][0xc4][0x8c]n~2G[0xf2][0x93]cyjq~n[0xaa][0x2][0xe8]`n[0xd0][0xfd][0x8]%X[0xf6][0xaa]C[0x8f]sG[0xf4][0x7],[0xc]A[0x1d]0"[0x8e][0xce]01GJ[\n]"
12:24:55.633 [main] DEBUG org.apache.http.wire -  << "[0xbe][0xa9])[0x99][0xf9][0xc9]E[0xa9] k[0xc0][0xd7]0[0xe0][0xd8][0x19][0xe]9O[0x19]a[0x9b][0xa9]%hN[0x9d]8[0xdb][0x10][0x83][0xd3][0x88][0x12][0x18]vl[0xb0]3[0xae]Cz[0x9d][0xf3]KJ[0x90][0x8f]%[0xb7]0[0x3][0x1d][0xa9]L[0x9c][0x85][0x88]j[0x1f][0xbe][0xcd][0x1b]|[0xe7][0xb][0x8e]}[0xff]P[0xb7] y[0xce][0x1c]4hE[0x9c]][0x88][0x8a][0xdf]1[0xb5](?[0xa5]2/[0x11]t*2$[0xb8][0x14]B@[0x3][0x18][0x18][\r]k[0xf0]x"[0xc2]6KSPk[0x9c]8[0xdb][0x10]M[0x1][0xe8]9[0xb][0x90][0xed][0xfc]8n[0xb4]@[0xb3][0xc8][0x84][0xd8][0xea][0xc9][0xc4][0x1c][0xa9]%[0x80][0x88]3[0xf8][0x5][0x1a][0xd8][0x87]BAA[0x8c][0xe4]+3c[0xe4];[0xd9][0xf0][0xe4]fs[0xa4][0xdd]?[0xb0][0x94][0xf][0xb7][\n]"
12:24:55.633 [main] DEBUG org.apache.http.wire -  << "g[0xfa][0x80][0xee][0x90]GXhAl[0xd8][0xc4][0xdc][0x12][0xd1][0xfa][0x80][0x6]#[0xe4]Z[0xa2][0xf0][0xc4][0x92][0xe4][0xc][0x8c][0xe8][0x82]5[0x16][0x10]V[0x99]X[0x82]N[0x12][0x0][0xc7][0x18][0x0][0x0][0x0][0xff][0xff]"
12:24:55.634 [main] DEBUG org.apache.http.wire -  << "[\r][\n]"
12:24:55.634 [main] DEBUG org.apache.http.wire -  << "BB1[\r][\n]"
12:24:55.634 [main] DEBUG org.apache.http.wire -  << "[0x2][0xdd][0x90][0x87][0xc7]o[0x16]HG[0x12][0xc2][0xb3][0x1a][0xf4]l[0xc][0x9c]^[0x83][0x1c]I[0x80][0xb0][0xce][0xc8][0x18][0xd4][0x88]![0xca]:[0xa4][0x89][0x18][0x9a][0x16][0x8c][0xc6][0xa6]H[0x91]Fk[0x9b][0xe8][0xd6][0x80]A[0xba]X[0x8c][0xb6]~2C:c[0x91][0xd6]6![0x8a][0xc][0x1a][0xdb]D[0xb7][0xe5][0x91]fH[0xc7][0xf2]a_[0x87]3[0xa0][0xcb][0x84][0xcc][0x90]V:bw[0x1e]"k[0xd3]m[0xa3][0x8d][0x19][0xd2][0xc9]|4N[0x7]F[0x88][0xea]7 [0xd8][0xd0][0x0][0xa3]<[0xc5][0xb7][0xc9][0x1f]uC;[0x9e]#[0xe5][0xcc][0x8c][0x10][0x15]/[0xad][0xfd][0x83][0x18]+[0x1b]bw[0x10][0x19][0x9b]!-[0xb1][0x84]7[0x85][0x9c][0x8a][0xf2][0xf3][0xaa]Rq]L[0x5]>[0xca][0x15]r[0xc9]Oj^Ji[0xb1]Bb2[0xe8][0xfa][0x6][0xd0][0xd9]L[0x85][0xa5]d[0xcd]j[0x9a][0x81]Z[0x8a][0xd0]9,[0xf4]:[0x10]Gk[0xd3][0x11]lg^I&[0xe8][0xac][0xa5][0x12][0x85]|[0xf0][0xb1]D[0x89][\n]"
12:24:55.634 [main] DEBUG org.apache.http.wire -  << "e[0xe0][0xcb][0x80][0xc0][0xb7][0xf1][0x91]3[0xbf]c[0x86]tR[0xdf][0x90][0x8b]I[0xa4][0xe5][0x9e]C[0xcf][0xed][0x88][0x1e][0xc0][0xd0]s;b[0xe5][0xda][0xd0]s;[0xa2]$[0xa6]q[0x19][0x89][0xb4]2[0xd6][0x13]t[0xcb]^J&[0xe8][0xf6][0x1d]XI[0x83][0xf5][0xc6]1[0xd7]D[0xf8]IU[\n]"
12:24:55.634 [main] DEBUG org.apache.http.wire -  << "[0xa9]y[0x99][0x90][0xf1][0xb4][0xe2][0xcc][0x12][0x85]<[0xd8]-[0x9c])[0xa5][0xc9][0xe0]3[0xe1] w~[0xe5][0x92][0x95][0xe5][0xe9][0xb6]:[0xd6][0xc]i[0xcd]*[0xad][0x3][0x9b]n[\r]b[0xa4]e[0x95]4[0xf6][0x13][0xa8]C[0x5][0xad]#hm[0x13][0x8d][0xab]s[0xf4]F[0xb][0x15]w[0xb3][0x9b]!_vD[0xe6]Zo[0xe2]:[0xe5][0xc6]f&[0x88]>2[0x8d]#[0x4]i[0xf1]$[0xad]mB[0xd4]C[0xb4][0xb6][0x89]n%/[0xd2][0xd2]?Z[0xfb][0x89]^[0xab].[0xcc][0xe8][0xb6][0xc][0xce][0xc]4[0xce]G[0x9f]b[0x87]n[0x7]p[0x99][0x99][0xd1][0xad][0xc7][0xf][0xba]h[0x85]N[0xa1]G[0xb7]*[0x8f]n+[0xb3][0x90][0xaf]_[0xa7][0xcd]}[0xa4][0xe8]5[0x11][0xd2][0x92] 3sR[0xba][0xcf]X[0xae]P[0xc0][0xb3]1[0x81]z[0x15][0x9e][0x89][0x9][0xd2][0x15]5[0xd0][0xd2][\r][0xf3]Jm[0xe2][0xc7][0x13][0xf0][0xc][0xd4][0x9a]X[0x92][0x12] X[0x8e]'D[0x1d][0xb9][0xc0]k[0x13][0xa2][0x1]B[0xa3][0x89]8[0xa4]][0xf4]![0x89][0x19][0xa5][\n]"
12:24:55.635 [main] DEBUG org.apache.http.wire -  << "I[0xa5]9X[0x8e][0x91][0xc5][0x17]n[0xc4]-<71E[0x9a][0xf2]%[0xd3]&[0xa2][0xc3][\r]|[0x1b]7[0xb4][0xb4][0xa1][0xbd]][0x88]8[0x82][0xa6];[0xda][0xac][0xbb]115[0xa4]S[0xad]jbJ[0xaf][0x15]>&[0xa6][0xf4]Z[0xe1]cb[0x8a]Y>[0xd0]*[0x9e][0xe8]V>[0x98][0xd2]k[0xbd][0x8f][0x89])[0xd2],[0x1f][0x8d]S9[0xbd]f[0x8b]L[0x90][0xd7][0xfb][0x80][0xfd]df`@[0xda][0x10][0xb4][0xa9]%q]$[0x13]3,[0xd3]E[0xba][0x98][0xd3][0x87][0xf8][0x8a]Yc[0xd0][0xf4] 1[0x13]{fH[0xa7][0xea][0xd0][0xdc][[0x98]5[0xa1]n9I[0xa3][0xf8]$x[0xb][0xb3][0xad][0xaa][0x9b]BE[0xbb][0xa0]m[0x11]c[0xb][0xd0]d4[0xb4][0xf2]HO[0xcc][0xcd][0xcc]K[0xd7]5[0xc3][0xb0]&-[0xbf]H[0x1]"[0xa9]PPZT[0x90]_[0x9c]Z[0x8c]|[0xc0][0xa4][0x89][0x19][0x96]czt[0xcb]0[0x8c]!?[0xc2][0xa9][0xeb]Z[0xa4]U[0x1e][0xe0]$[0x13][0x10]L[0xa3][0xb2][0xd1][0x8c]ne[0xa3]9R[0xcd][0x2][0xdf][0xa4][0xe2][0x9c]_P[0x90]Z[0x84][0xf5][0x4][0xb4][0x5][0x10]FF[0xa0]Q[\r]b[0xf2][0x9b][0x5]R[0xde][0x6][0x9f][0xf]:[0x94][0xcf][0x12]5[0xb1]@/=h[0x95][0x14][0x8c][0xcd]@k[0x90][0xa0][0xf9],[0xa0](?[0xa5]4[0xb9]D[0xc1][0xb1]4'3Q[0x1][0xb3][0xdd][0x9e][0x99][0x97][0x9][0xda]0[0x4]V[0x93][0x8]W[0x3]=:[0x96][0xb8][0x6][0xa8][0xb1][0x99]9[0x9d][0x1a]j[0xc6]f[0xe6][0x88][0x1]1[0xec][0xb3][0xba][0x3];[0xe9][0x8c][0xb4][0x4][0xbb][0xf3]pM:[0xa3][0xef][0xab][0x86][0x16]BF[0xc8][0xe7][0x5][0xb8][0x83][0x8b]L[0x8c][0x92][0xe][0xe1]c[0xac][0x5][0xa6][0xb1][0x19][0xd2][0xc6][0x13][0xec][0x8e]B[0x98][0x80][0xcb]y[0xe8]=)[0xaa]:[0xf]1J[0x87][0xdd]y[0x3][0xe2](D[0xf5][0xb][0xce]A[0xd9][\n]"
12:24:55.635 [main] DEBUG org.apache.http.wire -  << "[0xee][0x99][0xa9]9[0x18]a[0x1f][0x2][0xba]&'/[0x1d]t[0xc5]wvQfAq&[0xc2][0xad]h[0xa7]_[0xe0][0x1b][0x6][0xb0]@[0xd4][0xbf]H[0x96])d[0xa7][0xea][0x1a]Q`#z[0x9c]![0xf]<[0x80][0xd6][0xba]![0x17][0x10][0x10][0xef][0x81]l[0xc4],![0x88][0xf7]#^[0x1b][0x11]=,[0xfa][0xdc][0xd5][0x8a][0xbc]h[0x14][0x1c][0xaa][0xb4].[0x4][0x91]jz:[0xf9][0x10][0xa9][0x1e][0xa6]i[0xdb][0xc2][0x98]nm[0xb]c3z[0xf5][0x86][0x8c][0xcd][0x90][0xd6][0x1f][0xd2]6[0xf4][0xcc]A[0xfd][0xb]hn[0xa3][0xb5]M[0x88][0xb2][0x94][0xd6]6[0xd1][0xab][0xca]77@T[0xf9]4[0xf6][0x13][0xd2][0x88][0x1d][0xad]mB[0xac]g[0xf0][0xc][0xf0][0xf0][0xf7]sU04U[0x8][0x8][0xf2][0xc7]([0xee]=\[0xfd][0xdc][0x3][0xfc][0xfd][0x10][0xd5][0x8a][0x9]h[0xa2][0x8e][0x88][0xc6][0xb3][0xb1]9[0xd2]N[0xb]Z[0xfb][0x6]Q[0xd1][0xce]7tKoH[0xeb][0x1a]i[0x1c]nHK[0x14]im[0x13]"[0xbd][0xd1][0xda]&D[0xc3][0x89][0xd6]6![0xb5]([0x12][0xf3]J[0x12][0xc1][0x1b]'[0xa0]K[0xfe]}[0x12]s1/[0xb2]t-Q[0xc8][0xc8]LV[0xc8][0xcc][0xc9][0xc9]GZ[0xc5][0x2][0x9a]|$*?!-[0xa0]KJ,NM)J[0xcb][0xac][0xc0][0xc8][0xaf]`[0x99][0xd4][0xb4][0xc4][0xd2][0x9c][0x92][0x94]"D[0xae]5[0xb3][0x4][0x1d][0xa9]@[0x9c]5[0xf4][0x9a]d3G[0xba][0xbb][0x95]6S_x[0xda][0x83][0xe6]H[0xb7][0xb8][0xd2]8[0x9d][0xd0][0xed][0xc0]<s[0xba]->2[0xa7][0xee]yy[0xf8][0xe2][0x9][0xe9][0x2]O[0x1a][0xc7][0x13]hg[0x11]}ZITX[0xc0][0x83]g[0xe6][0x15][0xa9][0x9f]en[0x82][0xc8][0xcc]4[0xab][0x19]A[\r][0x2]h[0xb8][0xd1]?[0x1b][0x9b]"[0x16][0xf3][0xc][0x80][0xe5]t[0xab][0xd5]L[0xe9]V[0xab]!][0xad]8[0x0][0x1][0x8a][0xa8]R[0x7][0xc0]rD;[0x0],GdT[0xfa][[0x8e]t[0xc][0xd8][0x0]X>[0x90]9[0x18][0xe9][0xb0]0z[0x8c][0xd1][0x98][0xd3]m[0xfd][0x97]9[0xdd][0xe]'3GZ[0xff][0x85]}[0xfc]t@[0x87]w[0xcd]A[\r]_h[0xf5][0x84][0xdd]y[0x88]V2[0xdd][0xf6]a[0x99][0xd3][0xed][0x8c]1s[0xa4][0x95]l[0xd8][0xbd]?[0xb0][0xb1][0x83]t0[0x19]v[0xe7][\r]H[0xec] j[0xdb]A[0xe4]([0xc4][0x0][0x4]vG[\r]pD"jO[0xec][0xce][0x1b][0x90][0x88]D[0xd4][0xaa][0x83][0xc7]Q[0x83]{:[0xcc][0x1c][0xe9]H[0xb5]A[0x14]f[0x88][0x1c][0xe9]R[0x9a]][0x9a][0x87]1[0xee][0x81]H][0xa0][0xa5]>D[0xf6][0x8e][0x90]f[0xa1][0xb0]{u`[0xb3][0x14][0xd2]Y [0xd8][0x9d][0x87][0xf0]4[0xfd]j.[0xa4][0xa3]P[0xb0];j`[0xc3][0xc]iy#v[0xe7][\r]D[0x98]![0xad]O[0xc4][0xee][0xa8][0x1][0xe]3[0xc4][0xf0]9v[0xe7][\r]H[0x98][\r][0xee][0xea][0xe]i[0xf2]n[0x10][0x85][0x19][0xa1][0xea]n@[0xd3][0x99][0x5][0xe8][0xfc][0x92][0xc1][0xd6][0x12]G^[0xe2]5[0xd4]v[0xf6]"/[0xe8][0x1a]znG[0xd4][0xe8][0xd8]3[0xd0][0x0][0xa7]UB[0xc5][0xcf][0x0][0x94][0x89][0x16]t;.[0xd0][0x2][0xe9][0xb8]@[0xba][0x8f][0x8]Y M[0x83][0xf][0xc6][0xa4]a[0x88][0x18][0xf5][0xc5][0xee][0xbc][0x81]H[0x1a]H[0x93][0xed]C[0xae](@:[0xfd][0x10]{[0x80][0xe]lQ[0x80]t[0xa2][0x11]v[0xe7][\r]H|#F[0xca]i;-f[0x81][0xb4][0x1c]a[0xe8][0xa5],D[0x83][0x8][0x1c]J[0x8e]E[0x99][0xe9][0x89][0xf9]%[0xa0][0xf3][0xd3]]R[0x8b][0x93][0x8b]2[0xb]J2[0xf3][0xf3][0x94][0xac][0x94][0xf0][0xad][0xd6]'vo[0x9a][0xb1][0x5][0xd2]z[0x8a]![0x17]TH'C[0xd1]g[0xf5][0xa0][0x5][0xd2][0x9]Q[0xe0][0xc8][0xa1][0xd9]rt[0xb][0xa4]S[0xa2][0xe8][0xe5]7D[0xf3][0x81][0xd6]~[0xa3][A[0x80]tn[0x12][0x8d][0xfd][0x84]t[0xca][0x11][0xad]mBL>[\r][0xb9][0x1c][0x8b][0xb4][0x99][0x89][0xc6][0xa1]dBDjFT[0x82][0xc4][0x97][0x97]H[0xeb] [0x14]0F[0xf4][0xa8]S$#-[0x80][0xa0]q !-[0x83][0x18]rI[0x9]i[0x15][0x5][0xad]C[0x9][0xd1]x[0xa6][0xb5]M[0xf4]Z[0x8a]lA[0xb7][0xc5][0x19][0x16]t;[0xe6][0xc5][0x2]i[0x19][0x8][0xad][0xe3][0x89]n[0x15][0x18][0xd2][0x81]2C.[0x87]"-[0xd1][0x18]zn[0x1f][0xc2][0x95],[0xd2][0x2][0x91][0xa1][0x17][0xee][0x88][0x12]p[0xe8][0xb9][0x1d][0xd1][0xe4][0xc8][0xcc]K[0xc9][0xcf][0xcd][0xc4]<[0xfc]>1[0xbb]T[0xa1][0xb8]4;Q[0x1][0xa1][0x0][0xba]m[0xd4][0x88][0xd8]C[0xc0][0x8d]-[0x90][0x16][0xaf]@[0xcb]9C[0x92]Z"t[0x9b]x[0xb3]0CL[0xb0][0xe3]t)[0xa2][0x11][0x86]o[0xe7],[0x15]7OZ[0x98][0xa3][0xd7][0xe7][0xc5][0xa6][0xc5][0xb8][0x3][0x10][0xfd][0x8]!333[0xe2][0xa6]j-[0x90][0xa6]j[0x11][0xd1][0x8d][0xda][0x87][0xa7]Jz@[0xba][0xa8][0x8a][0xb6][0xf6] b[0x93][0xb6][0xf6] F@hj[0xf][0xd2][0xbc]+m[0xed]A[0xa4]7[0xda][0xda][0x83][0xd4]*[0xa9][0xcc]K-J[0xcf][0x4]o[0xef][0x0][0x1f]%[0x80][0xe3][0xd0]d[0xd0]=[0x1d][0x88][0xc]hd[0x9][0xda]UK[0xcc][0x8e][0xb]K[0xa4][0xed]y[0x88]k[0x16]@[0xa6])[0xe0][0xb8][0xaa][0x2]v/[0x2][0xc2]6ssPF$[0xce]6Dm[0x1c][0x9c][0x93][0x9a][0x9a][0xad][0x0][0xbd]CA[0x1][0xc7][0xf5][0x11]X.>0[0x0]m3'[0xce]2D0[0xe][0xb1]*[0xc8][0xc4][0x94]^[0xa7][0xf3][0x9b][0x98]"[0xed]0[0xa4][0xf9][0x99]VH3;x[0xec]B[0xa4],b{[0xf3]&[0xa6]H[0xf3]"xL[0xa6]F[0xb7][0xde][0xc4][0xd4][0x10]Q[0xac]A+C[0x1a][0x9d]jb[0x8a]4.:XF[0xff]ML[0xe9]5tjbj[0x84]X[0x1b]B[0xeb][0x80]F[0x14][0x15]4[0xb6][0x9]i[0xed][0x86]/[0xe8][0xf8][0x91][0xe0][0xfc][0xe4][0xe4][0xd4]"[0x5][0xcc][0xb3][0xe][0x92][0xf3][0x93][0x12][0x15][0x92][0x8b]R[0x13]KR[0xe1]g[0x94][0x80]TA[0x9b][0x99][0xe0]}[0xd5]D[0x14][0x83]&[0xe0][0xc3][0xa4][0xa0]+[0x1f][0xe8]c[0xa3][0x19]R[0x9d][0x82]l#[0xe6][0xe9][\n]"
12:24:55.635 [main] DEBUG org.apache.http.wire -  << "[0xd8][0xfc][0x8]R[0x85][0xd5][0x8f][0xc6]:J[0xce][0x89]%[0xa9][0xe9][0xf9]E[0x99][0xa9][0xc5]JV[0xd1][0x88][0xad]F&fH-[0x0][0xda][0xc6][0x9f][0x19][0xd2][0xb1][0x3][0x1][0x89]9[0x89]>[0xf9]>[0x89][0xc4]79[0x8d],-A[[0xff][0x88][0x89]6[0xb][0xa4][0x1a][0xc0]3[0xaf][0xa0][0xb4]D!/1[0x17][0xb3][0x1f][0x2][0x91]JA[0x9a]O[0xd2]Q[0x82][0x86][0x1e][0xd1][0x85][0xa7][0x85][0x1]"[0x9f]A[0xcc][0xa3][0xa1]U[0x88][0xae][0x15]m#[0x8a][0x8e][0xeb][0x15][0x90][0xb6][0x92][0xd2][0xd4]O[0xc6][0x16]Hg[0xdc][0xd3][0xda]&D[0x17][0x1][0xf9]R1[0xd8]m[0xec][0xd8]o[0x15]s[0xad](HM[0xc9],IT(-[0x1]][0x94][0xa1][0x90][0x9c]_T[0x90]_[0x94]I[0xd6][0xf5][0x94][0x16]&H[0xf7][0xce]"5[0x82]![0xb7][0x8d]9%[0xa6]c[0xe4]:[0xd7][0xe2][0x12][0x85][0xd4][0xa2][0xa2][0xfc]"[0x85][0xbc][0xcc][0x8c][0xcc][0x1c][0x90][0xb]2K[0x14][0x8a]3[0xf3]J[0x14][0x8a]R[0x8b]Js[0x15]Jsr[0x12][0xc9]:[0xc2][0xdf][0x82]n[0xfb]@-L[0x10]][0xc][0x1a][0xc7]0[0xdd][0xe][0xd6][0xb7][0xa0][0xdb][0xde]V[0xb][0xba][0x1d][0xe1]oa[0x8a][0xc8][0x1f]C[0xac]oal[0x81][0xb4])[0x9][0x9a][0xc6][0x6][0xeb][0xb0][0x13][0xe6]N%L[0x97]"z[0xb]t[0x1b]vB[0xea][0xc4][0x92]y[0x5][0x2][0x91][0x3]O[0x98]Gdc[0xfa][0x1f]_[0x9f][0x86]~[0x3][0x84]H[0x87][0xee][0xe1]LS[0x3][0x10]S[0x18][0xad][0x8d]A[0x1b]~[0x18][0x1d][0x10]L[0x97][0xe]@[0xf8]!J9[0xec][0xfd][0xcf][0x81]][0x1c][0x7][0x1a][0x9][0x82][0xf6]l[0xb0];[0xf][0x11]b[0xf4][0xcb][0x9]H;[0xac]h:Hh[0x81][0xd1]R[0xc0]L1[0x83][0xa3]l@[0xda][0xd4]5[0x88][0xca][0x6][0xb][0xc4][0x1a]p[0x9c][0xae][0x1a]$[0xe1][0x87][0xe8][0x9e][0xe1]t)"[0xa5][0xd3][0xab][0x16]D:q[0x97][0xa6][0xe9][0x1c][0xf9]L<[0xf0][0x90]1lLX[0x1][0xfb]][0xb9][0x18]W)[[0x18][0x81][0xd6][0x13][0x10][0xd1][0xe7]6[0xb6]@[0x1a][0x9c][0x81][0xc]O[0x83].[0x14]&~l[0xda][0xc8][0x8]T"[0x11]g[0x13][0xd2][0x18]"R[0xef]&83'[[0xc1][0x19][0xeb]ee[0x90][0x9b][0xcc][0x10][0xf1]ld[0x4][0x9a][0x96]"[0xc6]2K[0xa4][0x93][0x84][0xdd][0xe0][0x87]EA[0xcc]Sp[0xce][0xc7]r/Cp~NiI[0xa2]Bj[0x89]BriA&[0xa8]KW[0x92][0x8a]tj[0x14][0xb1][0x97]8[0x1b]["[\r]b[0x4]#y[0x13]z^[0xb2]w^f[0x1a][0xe6][0x90][0x6][0xc4]a[0x8][0x8f]ZX[0x82]:[0xd8][0xc4]y[0x14][0x91]S[0x86]Z[0xab][0xdc][0x12][0xf9]dop:[0x87][0x9e][0xe6][0x15][0x90][0x98]W[0x82]9[0xab][0x89]~A[0xb3][0xa9][0x99][0xb9]9q[0x8d]JK[0xa4][0x1]H"[0x87]g([0xec]VA[0xfb][0xfc][0x88][0x8][0xb1][0xb4][0x0][0xdd][0xf1]L\[0x84] [0x92]9[0xf2]0[0x2][0xdc]F[0xef][0xd4][0xca][0xa4][0xfc][0xc4]"[0xcc][0xf3][0xd6]1r[0xb1][0x19][0xf8]H?[0xa2],E[0xda][0xc2]1[0xe4]R[0x1][0xd2]m&[0xc1][0xb9][0x89]99[\n]"
12:24:55.635 [main] DEBUG org.apache.http.wire -  << "[0xf0][0xa0][0xc2]^*`[0x89][0x1c]PB".[0x9c][0x10]-[0x8][0xcf][0xbc][0x92][0xd4][0x9c][0x9c][0xcc][0xf4][0xd4][0xbc][0x12][0x5][0xc8][0x8][0xb][0xf6][0xb4][0x0][0x9e][0x82]D[0xa4][0x4]s[0xb]CS"S[0x1d][0xd2][0x1e][0x11][0x8f][0xd4][0xc4][0xb2]J[0x5][0x97][0xd2][0x92]J[0x84][0xef]p&[0x4][0xd0]T$[0xb2][0x85][0xa0][0xa1][0x18][0xe2]|[0x87][0xa8][0xdf][0xe1]W[0xbe]:[0xe7][0x97][0x94][0xe4][0xe7][0xe1]*[0xd0]![0x19][0xe]a[0x99][0x9]8[0xab][0x10]g[0x19][0xa2][0xe0]A.[0xe7]@[0x8e]WpJ[0xcd][0xc3]r[0xa5];f)[0x7][0xba][0xa0][0x82]8[0xcb][0x10][0xbd][0x9a][0x80][0xa2][0xc4][0xe4][0x92][0xcc][0xe4][0xc4][0x1c][0x5][0x88]y[\n]"
12:24:55.635 [main] DEBUG org.apache.http.wire -  << "[0x1e]XJs[0xe8][0x1c]+[0xc2]c[0xa6][0xc6][0xa0][0xcd][0x2][0xc4][0xd9][0x85][0xd4]/[0x1][0xa7]G|[0xd7][0xd4][0xa3][0x7][0xa0][0x91]1h[0xf1];q[0xf6] z[0x1a]A[0xa5][0xe0][0xd9]nh[0x1d][0x81][0xb5]~[0x82][0xc8]!<diJ[0xbc]E[0xd8]K$Hy[0x8a]5[0xf8] R[0x8][0xcb][0x8c]L@[0xe7][0xb0][0x13][0xe5]+P0C;(Hw[0x92]B2[0x18][0xf6][0xfc][0x8c][0x1e][0x84]f[0xc6][0xa0][0x8c][0x83][0xd7]2[0x0][0x0][0x0][0x0][0xff][0xff]"
12:24:55.635 [main] DEBUG org.apache.http.wire -  << "[\r][\n]"
12:24:55.635 [main] DEBUG org.apache.http.wire -  << "547[\r][\n]"
12:24:55.635 [main] DEBUG org.apache.http.wire -  << "R[0xf2]tQ[0xb2]24[0xb6]4Bdg[0x9f][0xcc][0xf4][0x8c][0x92][0xf2]T[0x10][0xa9][0x0]1[0x11][0xab][0xcf][0xc2][0xf3][0xf3]SRA[0xc7][0x19]@g[0xc]L-A[0x8b][0xdf][0x89][0xb3][0xc][0x91][0xbb][0x86]\[0x19][0x8b]<[0xad][0x8]N[0xd3][0xb0]%[\r][\n]"
12:24:55.637 [main] DEBUG org.apache.http.wire -  << "[0xd8][0xb]=[0x8c]2[0xd6][0xcc][0xc2][0xd4][0x98][0xc8]b[0xcf][0x8][0x91]W[0xe1][0xa5][0x10]$[0xb]a[0xcb][0xa9][0x18][0xb5][0x9e][0x11][0xf8]*[0x1e][0xe2]b[0x4][0x91]S[0xe1][0xf7]R[0xc0]+[0xf][0xec][0x1e]C[0xcf]FF[0x16][0xa0]c[0xbc][0x89][0xb3][\r][0x91]_[0x91]+v[0xdc]^[0x3][0xb5]l[0x11]y[0x88][0xf8]#A-[0x91]v~8[0x96][0xa7][0x16][0xe7][0xe7][0xa6]*@[0x8b][0xf1][0xe0][0x8c][0xcc][0xa2][0x12][0x8c]i[0x0][0xb4]*[0xca][0xc2][0x92][0xd8]3N[0xc1][0x89][0x1f][0x9a][[0x11]Ka[0xe0]i[0x3]GA[0x4][0xaa]P[0x10][0xfe][0xb2][0xb0][0x0][0xad][0xe1]"*[0x4][0x8d][0x11][0xa3][0x88][0x8][0xdb][0xa0]E[0xb5]B@Nb[0x9]f[0xcb][0x18]T[0x9d] [0xec]26[0x6][0x1d][0xed]@[0x9c]][0x88][0xa2][0x1]Z[0xba]B[0xb2]>[0xe]{0[0x12][0xbc][0xb9]!h[0xb4][0x81]8[0xab][0x10][0xeb]>[0xe1][0xc9][0x10][0x9a][0xac][0x15][0xb0][0x1e]L[0xb][0xf5]2[0xc2]_[0x16][0x86]D7e[0x91][0xae]Vv)-J[0x4]][0xf8][0xc]O[0xf2][0xd8][0xab]]P[0x87][0xe]a[0x95][0x19][0xf1][0x8b][0x89][0x90][0x8e]7[0x1d]r[0x5][0x1e][0xd2][0x81][0xa9][0xc8]5[0x3]<i[0xbb][0xe7][0xe4][0x97][0xa5]b[0xf6]1P[0x93][0x9b][0xa9][0x9]hn[0x8a][0xb8]4[0x80][0xa8]c[0x91][0xed][0x83]G[\r][0xb6][0xa2][0xf]5bL[\r]AG[0xbd][0x10]e[0x19][0xd2]<![0xb2]e[0xd0][0x4][0xee][0x9c][0x91][0x98][0x9]:[0x8a][0x18]u[0xb5]&z[0x95]nb[0x8]:[0xee][0x86]8[0xeb][0x10][0xd9][0x16][0xa9]J[0x7][0x17]:8[0x96][0xe6][0x81][0xe5][0x10]i[0xce][0xc8][0x98][0xc8]%[0x0][0xc6][0x96][0xa0][0x0][0x87][0x16]HHvA+t[0xec][0xed][0x7]X[0x9c]"[0xec]3[0x6][0x9f][0xfb]G[0x9c][0xdf][0x90][0xf2]nQz~^~nf2[0xa2][0xb0][0xcd][0xc7][0x92]DPKusC[0xd0][0xc5]q[0xc4]Y[0x85]h? 7[0x98][0xa1][0xb1][0x86]#[0x81][0xa0]4V[0xcc][0xc0][0xc1]C[0x9c]e[0x88][0xd6][0xb9]{~Qzj~i[0xb1][0x2][0xa4][0xa6][0xc2]>[0x84][0x84][0x1e]c&[0xa0][0x11]L[0xe2]lBT[0xf7][0x90][0xee][0x1b][0xb4]t[0xc3]Q[0xd0]Be[0x11][0x91]ei[\n]"
12:24:55.637 [main] DEBUG org.apache.http.wire -  << ":[0xa4][0x91]8[0xab][0x10][0xf5]=[0xc6][0xa0][0xe][0xb6][0xf0][0x3][0xb7]:[0x11]6[0x99][0x19][0x10]=[0xaa][0x82][0xbc][0x8d][\r]<2[0x1]i7[0x10][0xeb]'cS[0xd0][0xe1][0xe1]D[0xf9][0x9]i+[0xd8][0x90]+dAc"[0xd0][0xcc][\n]"
12:24:55.637 [main] DEBUG org.apache.http.wire -  << "[0x1d][0xa5][0xa5][0xcd][0xaa]@cKP[0xe3][0x13]j[0x13]r[0x89][0x7][0xad][0xb5][0x15]p[0x94][0xe6][0x90]HC$[0x0]S[0x13][0xd0][0xe0][0x1c]q[0xd1][0x82][0xc8][0xac][0x88][0xe]'[0xac]R[0xc7]^[0xe]a[0xa4]l[0x13]S[0xd0]."[0xe2][0xac]CdW[0xa4][0xa1][0x2]Pm[0xa4][0x80]}[0xc4][0x10][0xea]s[0x84][0xdf][0x8c][0xc][0x89]][0xdb]o[0x9][0x1a][0x1b][0xc6][0x12][0x98][0xe0]"[0x0]G[0x0][0xb5][0xd0]32#[0xba][0x19]f[0x8a][0xc8][0xb2][0xd0]f[0x18][0xbc]J[0xc][0xce][0xc0]Z[0xbc][0x96][0xa4][0x82][0xef]][0x82][0xf6][0xcf],MAC[[0xc4][0x85]![0xa2]}[0xe][0xb5][\n]"
12:24:55.637 [main] DEBUG org.apache.http.wire -  << "[0x12][0xff]8[0x6][0x97][0xc1][0xde]E[0x84][0x9f][0x89]!h[0x16][0x8b]8[0x8b][0xb0][0xd7][0xf5][0xe0][0xd8][0xc2]^[0xf9][0x82]K^$[0xbb][0x88]o[0xc6][0x82]R[0x10]4[0xae][0xe0][0x9d])[0xa8][0xb7][0xb0]wp0[0x12][0x86][0x85][0x11]h[0xfd][0x1e]Q[0x1e][0x3]u[0x1b][0xa0][0x96]![0x8f][0x8e][0x81][0xda])8[0x92]!Z[0x9]ki[0x8][0xea]h[0x12]g[0x17][0xa2]}[0x8e][0x92][0xa3][0x13]A[0xb7][\n]"
12:24:55.637 [main] DEBUG org.apache.http.wire -  << "[0xe2]X[0x1a][0x8f][0x16]e[0xe6][0xe0][0x8b][0x9][0x89][0xb3][\r][0x91][0x9d][0x91][0xf2][0x17][0xb4]Y[0x81][0xbd][0xd9][0x8c][0xe6]5[0x12][0x9a]g[0xa0][0x8c][0x8][\r][0xc6]!W[0xa4]c[0xee][0xcf][0xa2]U[0x91][0x8e][0xb9][0xbf][0x8a]f6![0xf2]+[0x8d][0xab])[0xa4][0xc5];[0xb4][0x9c] [0xb4][0x4]m>[0x81][0xa6]0[0xda][0xda][0x83][0xc8]6[0xb4][0xb5][0x7][0x11]C4[0xb5][0x7]T[0xc4][0xd3]#[0xdc]@[0xd3][0x94]P{[0x2][0x82][0x15]0[0xd3]uzbn[0xaa][0x82][0xa9]BqI"[0xa8][0xa3][0x6][0xad][0xea][0xf0][0xaf][0xd7]@,[0xfd]6[0xb6][0x4][0xf5][0xdc][0xa0][0xc6][0xd3]8A[0x83][0xba][0xa4][0xf4][0xb1][0x9]4[0xc]G'[0x9b][0x10][0xdd]Y[0x1a][0x87][0x1e][0xa8][0xe2][0xa5][0x93][0x9f][0x10][0xdd]X[0x9a][0xfa][0xc9][0xc4][0x0]y[0xb6][0x8e][0x96]+[0x1]M[0xc][0x90][0xf6]7[0xd1][0xda]O[0xf4][0xb]=D[0x81]Jk?!z[0x14][0xb4][0xb6][0x9]i[0x0][0x80][0xc6])[0x2][0xd1][0x99][0xc8][0xc][0xc8][0xc8][0xcf]K5[0x4][0xed][0x9c]A[0x1d][0xe7][0x2]oyNM[0x81][0xed][0x1f]Bjt[0x13]{[0xc3][0xbc][0x1][0xd2][0x9]l[0xb4][0xe]:D[0xbd]Gc[0x9b][0x90][0xa6][0xe5]hm[0x13][0x9d][0x8a]W[0x13][0x3][0xa4][0xd9]?Z[0xfb][0x89]n[0x5][0x84][0x11]"[0x89][0x13][0xef]'D"'z[0x3][0x94][0x1]h[0x80][0x8a][0x1e]u[0x93][0x89][0x1][0xd2]hunfN6[0xc6][0xec][0x15][0xc2][0xf5][0xf8][0xd6][0xf1]![0xda]?&[0x6][0xa0][0x5][0x11]P[0xb7]S[0xcb]DD[0x4][0xd3][0xe5][0xc4]:[0x13][0x3][0xa4]3[0xbe]<[0xb]@e[0x99][0x82][0xa1][0xa1][0x82][0x99][0x89]Bz[0x12]F[0x0][0xe1][[0x92]I|[0x84]#[0x9d][0x9a]4XV[0xe][0x9b][0x18] [\r]E[0xd1].[0x14][0xa0][0xcb][0x5][0xa8]p[0xb7][0xba][0x9]x\[0x17][0x9a][0xf4][0x82][0xb3][0xab][0xf2][0xf3][0x15][0xc2][0xf3]s[0xd2][0x92]3[0x12]AK[\n]"
12:24:55.637 [main] DEBUG org.apache.http.wire -  << "P+[0xa2][0xe0][0x92][0xa2][0xc4][0xca][0xec][0xcc][0x14][0xd0]$[0x13][0xb4][0x85]oh[0x6][0xda][\r]N[0xc4][0x80][0x85][0x89])[0xd2]Tipbnqi^[0xba]B[0xb0][0x91][0xb1]BhNI[0x11][0xe6][0xe6]K[0xf7][0xc4][0x9c][0xc4][0x8a]J[0x92][0xf3][0x91])h8[0x1c][0xea][0x99]A[0x93]$LASEPG[0x11][0xf6]9[0xc2][0xcf][0xa4][0x84]-R#[0x8c]`[0xd8]fdV&[0x82]B[0x1c][0x1a][0x85]D[0x16]Q[0xa6]H[0x97]P[0xe][0x9e][0xa0]E[0xda][0xff]6[0x88][0x1c][0x85][0x14][0x1b]4m>[0x9a]"m[0x95][0x1b]D[0xde]G[0xb4][0x9e][0x7][0x8f][0xa3][0x90][0xce]V[0x1c]D[0x8e]B4,[0x7][0x91][0xa3][0x90][0xba]Y[0xe0][0x89]B[0xe8][0xf8];[0xd6][0xc5]g[0xae][0x15][0xa9]E[0xc9][0x99]%[0x89][0xa0]C[0x90]Ss[0x15]r[0x13][0xd3][0xf3]2[0x15][0xf2]S2K[0x14]R[0xf2]s[0xf2][0x8b][0xc8]Xnnb[0x8a]T"
12:24:55.637 [main] DEBUG org.apache.http.wire -  << "[\r][\n]"
12:24:55.637 [main] DEBUG org.apache.http.wire -  << "63E[\r][\n]"
12:24:55.637 [main] DEBUG org.apache.http.wire -  << "[0x83][0xe][0x9e]PA:[0xc5][0x8d][0xf8]V,REIt[0xab][0xc6][0x8c]^G[0xf4][0x9b][0x98]![0xaf]![0x87][0x96]S[0xba][0x98]K[0xb1][0xf0][0xb5][0xd5][0x8c]A[0x87]D[0xe0][0xac][0xfd][0xa1][0xad][0x14]c[0xb][0xa4]sf[0xd3][0x13]s3[0xf3][0xd2]u[0xcd]0[0x9a][0x84]i[0xf9]E[\n]"
12:24:55.637 [main] DEBUG org.apache.http.wire -  << "[0x10]I[0x85][0x82][0xd2][0xa2][0x82][0xfc][0xe2][0xd4]b[0xa5]Z[0xa4]&2[0xb8][0xa1][0x1][0xab]Ea[0xae][0xcd][0xc0]0f[0xb0][0xb8][0x16]4[0xc7][0x87][0xee]Z[0xcc][0xbb][0xb6][0x7][0x8d]k[0x11][0x5][0x11],uc[0x89][0xa2]A[0xe3]ZD[0x5][0x3]s[0xad]BpNf.I[0x89][0x81][0xf8][0xc]i[0x88][0xd9][0x81][0xa5][0xa5]u[0xa0][0xd5]7h)[0x87]F[0x1e]C[0xda][0x94]E[0xd3]SP[0xcc][0x90]wdA[0xb3].n/[0x81][0x87][0xbb][0x88].9[0xa1]e[0xc]5zBf[0xa0][0xe1]4[0xa2]C~[0xc0][0x9c][0x9]>3[0x8][0xea][0xcc][0x80]`[0x13][0xcc][0x80],6QHJ,[0x2][0xdd]P[0x0]m[0xe1][0x1b][0x13]{[0x98][0xa5][0x89]9[0xd2][0x5]K[0xd4]6[0xdb][0x2]Ku[0x83][0xe9][0xf8][0x9c][0xc4]J[0x85][0x8c][0xc4]b[0x85][0xbc]|[0x5][0xd2]B[0x18]QU[0x18][[0x9a]#[\n]"
12:24:55.637 [main] DEBUG org.apache.http.wire -  << "[0x8][0x9a]N[0xbe][0x81][0xb6][0x10]@cb[0xc8]M[0x8b][0x83]V[0xc3]A[0xdd]N[0x93][0x9]=D[0x1f][0x88]&[0xc6]#[0x1a][0xa9]41[0x1e]Q[0xe4][0xd3][0xc2]xKD[0xe0][0xc0]*0[0x1a][0xe5][0x4]zU&[0xc6][0x96]H[0x95][0x9][0xad][0xfd][0x84][0x88][0x1c]Z[0xdb][0x84]XEk[0x9b][0xe8]6m[0x2]j[0xb1]C[0xf3]=M[0xfd]db[0x80]T[0x97][0xd0][0xda]&[0xc4][0xca]+Z[0xdb][0x84][0x18]U[0xa7][0xb5]Mt*#L[0xc][0x90][0xe][0x8e][0xa3][0xb5][0x9f][0x10][0xf5][0xf2][0x10][0xab]/M[0xc][0x90][0xba][0xe5][0xd8]G%[0x6][0xf2][0x14][0x15][0x13][0x3][0xd0]0<4[cw[0x1e]b\[0x19][0xff][0xaa][0x1c]*6[0xa8][\r][0x90]:[0xc1]C.[0xbe]A{Q[0xa1][0x1]J|[0xae]@[0x4]2[0xd1][0xdd]K[0x3][0xd0][0xfa]R[0xfa]X4[0x84]s[0x1f][0xd2][0xfe][0xc1]![0x97][0x92]@[0xdb]q[0xe9][0x12][0xc1][0xc8]3l[0x4][0xbb][0xd9][0xb0][0xe][0x16]9I[0x16]i[0x96][0x8d]J[0xb3][0xd5]HSd[0xd4]2[0x11]QR[0xcb]DD[0x9f][0x83][0xb6]%[0x2][0xd2]L[0x1b][0x8d]-B[0xb4][0xa4][0x87]^[0xae]B[0xb4][0xcd][0xe9][0xb5][0xbe][0x1][0xd1][0xca][0xa4][0xde][0xcc][0xbe])[0xee][0xf3][0x90][\r][0x90]f[0xf7][0xa8]=[0x18]c[0x80]tq[0x1a]m[0xd3][0x98][0x9]"[0x9e][0xa8][0xdf][0x95]61@[0xde][0xd6]Ft[0x99]G[0xf4][0xe8]"bP[0xc9][0xc4][0x0]i[0x6][0x91][0xf8][0x10]#[0xcf]&[0xcc][0xd1]x[0x92][0x86][0x7][0x88][0x9c][0xd1]7@[0xda][0xec][0x6][0xdb]x[\r]=[0x80][0x4][0xfb][0xe][0xad][0xc0][0xd2][0xcc]D[0x85][0xd4][0xfc]b[0x85]"[0xc8]|[0x9f]B^jrjq1x[0xfa]/[0xa9][0xb4]X![0xad]4=3[0xb1]D!1/37[0x13]i[0xe6][0xcf][0x8][0xd4][0xe5][0xc4]9I[0x84][0x12][0xc4][0x14][0xf6][0xae][0x88][0xf6]8[0xa2][0xdc][0xa3]uT"R?[0xd2][0xe6]_[0xd8][0x8c]*[0x8e]M~[0xae][0x15][\n]"
12:24:55.637 [main] DEBUG org.apache.http.wire -  << "[0x85][0xa5][0x89][0xa9]E[0x89][0xa0][0x3][0x98][0x8b][0xc0][0xc1]K[0xce][0xe9][0xcb]&[0x6]H[0xd7][0x95][0xd1][0xd8][0x9f]H[0x9b][0xba][0xe0][0x9b]s[0xc1]{[0x9b][0x14][0x9c][0xf3]s[0xb]JKRA[0xbb][0x2]PW[0x13]9[0x16][0x17][0xa4][0x16]e[0xe6][0x17][0xa5][0x16]C[0x8e]w[0xce]ONNLMN,[0xc9]T(,%/[0xf9] o[0xf6][0xa2][0xd9][0x2]4j[0xf6][0x8f]@[0xdb][0x84][0xa1]-CZ[0xae][0xfe]5C4[0x85]hj[\r][0xa2]}DSk[0x10][0xdd][0x18][0xe4]M[0xe7][0xe0][0xbd][0x8a]82[0x94]c)t=Bj[0xae]BQjAjNNj^J)r[0x9e]"[0xbe][0x8c]B[0xda][0xe4][0xe5][0x19][0xe0][0xe1][0xef][0xe7][0xaa]`h[0xaa][0x10][0x10][0xe4][0x8f]QB{[0xb8][0xfa][0xb9][0x7][0xf8][0xfb]![0xda][0xd7]&[0xa0][0x1a][0x84][0xa8]r[0x10][0xe9]lg[0x9a][0xd9][0x81][0xb4][0xb1][0x8b]vv *2[0x1a][0xce][0xc3][0x98][0x18][0x98]#[0xea][\r][0xda][0xda][0x83][0x94][0xc2]iw[0xa5][0x9c][0x89][0x1][0xe8][0xe8][0x14]X[0xb9]@K{@[0x7]]B[0xed][0xa1]q[0xfd][0x80][0xb4]M[0x8d]f[0xa9][\r]t[0xba][\r][0xd4]7[0xb4][0xb3][0x3][0x91][0xd2]hg[0x7][0xa2][0xb8][0x1e]<CyH[0xfb][0xff]hY[0xb8][0x83][0xe]^[0x82][0xc6][0xe1][0xe0][0xf1];1[0xf7][0xd2] [0x8a]y[0xe2]G[0xfe][0xe8][0xb5][0x99][0xce][0xc4][0x0]i[0xc2]q[0x10][0x5]+RENt[0xd7][0x8d][0xac]pF4[0xf7][0x7][0x91][0xef][0xc9][0x99][0xf1]#[0xc3][0xf7][0xe0]c~[0x7][[0x96]2D:[0xcc][0x98][0xf8][0x9a][0x87],[0xdf]#[\n]"
12:24:55.638 [main] DEBUG org.apache.http.wire -  << "l[0xe2]-"[0xa7][0xd7]n[0x8]:[0x88]e[0xf0][0x85]39y[0x8c]<[0xef]#2[0x19][0xad]jFCz[0xad] 21D[0x9a]N[0xb]([0xca]O)M.Qp,[0xcd][0xc9]LT[0xc0][0xdc][0x9e][0x9][0xba][0xff][0xad][0x0][0xaa]&[0x11][0xae][0x6][0xba][0xf4][0x8a][0xc8][0x11][0x9]C[0xa4][0x99]2[0xfa][0xd8][0x87]h[0x99][0xd3]8[ [0xed]y[0xa6][0x8f][0xcf][0x10][0x19][0x9e]>[0xf6]!Zk[0xf4][0xb1][0xf][0xd1][0x7][0xa1][0x8f]}[0x88][0x12][0xc4][0xa9](195'[0x15]s[0x89][0xb8]obJ[0xaa]B~[0x9a]BFfz[0x6]h[0xe8]*'[0xb3][0xa4]R[0xa1] 5[0xb1]([0x7][0xb9]([0x1]m[0xd8]%[0xa6][0xfb]k[0x88][0xb4][0xe0][0xd6]%[0xcc]E[0xc1];37[0xb5][0xa4][0xb8][0x14][0xb4]$0213[0x9][0xb4]u[0x9]u$[0x9]Q/[0x18][0x1a][0x19][0xa0][0xae]u[0xc4]3[0xbc]n[0x88][0xb4])[0x1a]d[0x8d]oizj[0x9e]BHQb&[0xe6][0xce]7<6[0x18][0xe0][0x1e][0xc0]7D[0xba]c[0x94]F6[0x80][0xc2][0x14]Z[0xe9][0xd0][0xca][0x6]DIA+[0x1b][0x10][0xf3]*[0x83][0xa6]yf[0x88]4[0xfd]?[0x88][0x1c][0x85][0xc8][0x8b][0x83][0xc8]Q[0x88]!n[0x1a]W%H[0x8b][0x0][0xb0]{@[0x97][0xe0][0x18]"M[0xbf]cw[0x1e][0xa2][0x14][0xa1][0xdb][0x12][0x1c]C[0xa4][0xa9]z[0xec][0x8e][0x1a][0xe0]0C[0xd4][0x9e][0xd8][0x9d]7 a[0x86][0xa8]b!;[0x92]0[0xc6]v[0xb1]mV"[0xfd][0xca]VC[0xb2]&[0xfa][0x91][0xab]T[0xd0][0x8e][0x5][0xa2][0xaa]T[0xa4][0x83][0x8f][0x15]0|[0x83]o_[0xf][0xd1][0xa3][0x19][0x86]H[0xe7][0x13][0x93]U[0xe][0x10][0xdb]TF[0xda]LF[0x96]=[0xc4][0xfb][0x8][0xe9][0x98][0x7]Z[0xdb][0x84][0xa8]dim[0x13][0xa2][0xb2][0xa5][0xb5]M[0x88]\Dk[0x9b][0xe8]V[0x3]![0x1d]mK[0xd8]O[0xa4][0xed]_[0xa1][0xe2][0xbc][0xa2]![0xd2][0xc4]>agR[0xb0][0x10][0xcc][0x10][0xe9][0x10][[0xe2]-"[0xab][0x0]C[0xda][0x14]Lk[0x9b][0xc8][0x19][0x98]#[0xcb]OH[0x93][0xe6]4[0xf6][0x13][0xd2][0xcc]8[0xd4]&,[0xfb][0xc6]@[[0xaf][0xca]3K2[0x14][0xb2]R[0x8b][0x11][0x1b][0xb0][0x88][0xad][0x80][0x91][0xd6]q[0x18]"m[0x96][0xa6]m[0x5][0x8a]4[0x81]>[0xd4][0x16][0xb0][0x19][0x9a][0x91]R>[0xe]\Y[0x82]t[0xf4]+4[0xe9]`[0x1e][0xfe][0x8]o@[0xc][0xa0]3[0x11][0xc3][0x8f][0xd8][0x1b][0x92][0x3][0xdb][0xce]E[0x9a][0xd1][0x87][0x86]"[0xd1][0x19][0x10][0xa9]h[0xc1][0xdf]m@[0xce][0x81]H[0xb3][0xfb][0xd8][0x83][0x83][0xd8]lM[0xcd]j[0xc9][0x1c][0xa3][0x95]Ct [0x10][0xeb]\[0x94]0@4u[0x86]\[0xe1][0x80][0xb4][0xa2][0x1][0x9a]^[0x6]e[0xae][0xc3][0xbc][0xda][0x9a][0xb6]1:4[0x8a]L[0xa4][0xed][0xc7]C/[0xe1]![0xca][0xd1]A[0x9d][0xf0]Hi[0xf2][0xf]\[0xad]d[0x8e]hK[0xe][0xb9][0x94]@[0xd2][0xe2][0xa0][0x81][0xb]b[0xa4][0x95]E[0x83]9[0xc1]"-N[0x1a]z)[0x1]1[0xa5][0xe6][0x9][0x0][0x0][0x0][0xff][0xff]"
12:24:55.638 [main] DEBUG org.apache.http.wire -  << "[\r][\n]"
12:24:55.639 [main] DEBUG org.apache.http.wire -  << "8AF[\r][\n]"
12:24:55.639 [main] DEBUG org.apache.http.wire -  << "[0xa2][0xd1][0x92]GC[0xb][0xc4]@ 4[0x1a][0x7][0xe7]E[0xe8]&[0x86][0x16][0x18][0x95][0x10][0xa6]K[0x11][0xcd][0x15]|[0xa3]Z[0xd4]l[![0xad][0xcf][0xf2](P[0x8][0xcb],[0xcb]W[0x88]42[0xc2][0x18][0xea][0xcb]M[0xcd][0xcd][0xcc][0xc9][0xcc][0xce]T(.H-[0xce]L[0xcb][0xcc]N,[0xce]T[0xa8]L[0xcc]KWH,[0xc8][0x4][0x1d]d[\n]"
12:24:55.639 [main] DEBUG org.apache.http.wire -  << "[0x9d][0xb7]6[0x6][0xcd][0xa3][0x11][0xbb]n[0xdf][0x10]i[0xd5][0x16]4[0xf2]h[0xda][0xc][0xc0]<,[0x9e][0xb6][0xd6]![\n]"
12:24:55.639 [main] DEBUG org.apache.http.wire -  << "q[0xa8][0xef][0xf0][0xb4][0xc5]`[0xa3])H[0xad]v[0xe2][0x7][0x1c][0x89]>1[0x1e]_7[0xdd][0x98][0xe8]Aab[0xd6][0xb5][0xc1][0xbb]v[0x94]y[0xc][0xd1][0x14]'[0x1c][0x84][0x3]W[0x97][0x80][0xee][0x0][0x82][0xce][0xa6][0xe2]w&[0x95][0xc2][0x1f][0xa3][0xcc][0xc3][0x93][0xb0][0x6]0T0[\n]"
12:24:55.639 [main] DEBUG org.apache.http.wire -  << "<[0x1c][0xce][0xa4]R[0xa8] &9[0xf1]G[0x2][0xe8][0x98][0xa0][0x1][0xc][0x95][0xa1][0xd1]PF:z[0xb][0xfb]@[0xc0][0x80][0x8e][0x8b][0x80][0xb7]]@s[0xdc][0xa0]t[0x1e][0xa2][0xdc][0xc2][0xee]<DE[0x8f]l[0x86][0x8a]U[0xbd][0x91][0x1][0xa2]9[0x86][0xdd]Q[0x3][0x1c][0xa5][0x88][0xe2][0x2][0xbb][0xf3][0x6]$[0xcc][0x86]D[0xa1]b[0x84]t[0xc8][0xc8] .[0xfb][0x8c][0x90][0xd6]ab[0x8f][0xe2][0x81]M[0x81]H[0x8b])![0xf7]wBv"b[0xbb]O[0xd3])'1/%[0xb3]$3[0xb3]X![0xb9]4[0xa7] Q!5/3[0x17][0xb4][0x91]5[0x11]i[0x3]+[0xe8]`{bf[0xd9][0x8d][0x90]n[0x92][0x19][0x94][0xe1][0x82](8h[0xb3][0x94][0xcb][0xc8][0x10][0xd1][0xa2][0x19][0x94][0x1]@l)@[0x95][0x96][0x8c][0x11][0xda]:F[0xea]/04BZ[0xc2]8[0x98][0xcb][0xb][0xa4]u[0x90][0xf8][0x9d]I[0x9d]pGZ[0x14]I[0x17][0xeb][0x10][0xd3][0x1a][0xbe][0xa0][0xc5][0xe0][0xc1][0xf9][0xc9][0xc9]X[0xf6];'[0xe7]'%*$[0x17][0xa5]&[0x96][0xa4]b^[0xe5][0x83][0xff] e[0xa4]Y[\r]#[0xa4]+b[0xa8]d[0x9b]![0xee][0x15][0xac]FF[0x88]"[0x83][0x6][0xa7]7[0x18]![0xad][0xb2]$5[0xa6][0x90]:[0xd8][0xf8][0x9b]^([0x81][0x87]h[0x9b]@[0xed][0xc3][0x1c][0xbb][0xc1][0xd7][0xe3][0xc5]o[0x13]5[0x1b]yF[0x18]E[0x15][0xa6]K[0x11][\r]):[0x8d]2[0x19][0x11]}[0x97][0xf][0x95]22b[0x94]0V'D[0x1f][0xec]D[0x9d][0xd0]@Z_J[0xa3][0xea][0x1b]i[0xb1]([0xad]l@[0x94]'[0x83]2F[0x11][0xe5][0xc3][0xa0]t[0x1e]b[0xcc][0x81][0xda][0x7][0x2][0x19]!-[0xdf][0xa4][0xbe][0xd9][0xa4][0x8c][0xa0][0xe][0xd8][0x90][0x8e][0x11][0xdd][0xd6]{[0x1a]!][0xf7][0x5][0xad][0x87]Lix[0xa4][0xbc][0x91][0x9][0xa1]a[0x8c][0x81][0xed][0xaf][0x99] z[\r][0xb0][0xd0][0xc0][0x98][0xb8][0x0][0xd7][0xca][0xd4])GM[0x9]erD[0xbd]J[0xbf][0xfa][0x1e]s[0x85][0x1e][0x8e]AV[0xd0][0xa8]'%c[0xf1]FHk[0xe6][0xe8][0x11][0xda]H[0x87][0xcf][0xc][0xc6]"[0x15][0xe9][0x18][0xf4][0x94][0xd4][0xe2][0xe4][0xa2][0xcc][0x2][0xd0]U6[0x18][0xc9][0xf][0x91]$[0xf0]5[0xb5][0x90][0x9b][0x9a]H[0x13][0x9a]T6[0x18][0x91]|iTI#[0xcd]%R[0xd9][0xe9][0x88][0xfa]kP[0xa6][0x5]D5[0x85][0xdd]y[0x88]T@[0xbf][0x82][0x1]iN[0x10][0xbb][0xa3][0x6][0xb6][0xec]F:[0xc3][0x2][0xbb][0xf3][0x6]$[0xcc][0x10][0xad]L[0xfc]E[0x1c][0xc5][0x85][0xa9]%[0xa2][0xea][0xc2][0xee][0xfd][0x1][0x8e][0x1d]D/[0x12][0xbb][0xf3][0x6]$v[0x10][0xbd]:Z[0xc7][0xe][0xa1][0xc]=[0xa0][0xb1]c[0x8c]t@[0xfe][0xa0][0x89][0x1d]c[0xa4][0x93]9hS[0xbd][0x18][0x13]<(c[0x80]c[0x5][0x91]<i[0x15][0x0][0x88]dI#[0x1b][0x90]f@he[0x3]b[0xd0][0x93][0x6][0x3][0x83][0xc6]H[0xa7]F`[0xcf][0x1a][0x3][0x9b]F[0x6][0xf7]<[0x87][0xb1][0xe1] ,[0xf6][0x8d][0xb1][0xcc]U[0xd0][0xb0][0xcf]k[0x8c]4[0xe7]0[0x18]S[0x90][0x11]"[0xff]`w[0xde][0x0][0xd4][0xcc][0xc6]Hs[0xb]4*6[0x90][0xe6][0x13]<R[0x13][0xcb]*[0x15]\JK*[0x15][0xa0][0xa7][0xe][0x7][0xe4]$[0x96][0xa4]bt[0xbd][0x1c]KKRs[0xd1][0x8f][0x1a].J-*[0xcd]E[0x9a][0xa2][0x5][0x9f]rE[0xcc][0x1c][0xad]1[0xd2][0x94][0x83]cyjq~n[0xaa]B@bAj[0x91][0x82]s~"[0xe6][0xc9]&[0xae][0xf9][0xc5][\n]"
12:24:55.640 [main] DEBUG org.apache.http.wire -  << "[0x99][0x5][0xc5][0xa5][0xb9][\n]"
12:24:55.640 [main] DEBUG org.apache.http.wire -  << "[0x99]%[0x89][0x85][0xa5][0xa9][\n]"
12:24:55.640 [main] DEBUG org.apache.http.wire -  << "9[0x89]I[0xf9]E[0x99][0xf9][0xc5][0x89][0xb9][\n]"
12:24:55.640 [main] DEBUG org.apache.http.wire -  << "[0xa9]`[0x81][0xd4][0x12][0xd0]tqf[0x9]9[0x8e]15F[0xf4][0xe5][0x6]M*0E[0xda]+N[0xdb][0xf6][0x99])[0xd2][0x98][0xe3] [0xf2]>[0xa2]v[0x1e]<[0x8e]B[0x1a][0x9a][0x1c]D[0x8e][0x1a][0x84]e[0x98])[0xc1][0xb1][0xce][0x1](XM[0x91]N[0xdb][0x1f]D[0xd1][0x87]h[0xe8][0xe]"G[\r][0xc6][0xdc][0x87][0xb4][0x9f]~[0xf0][0x84][0x94])b[0xe8][0xc1]1[0xb5](?[0xa5]2/173Y[0x1][0xb2][0xd6][0xc9])[0xbf][0xa4]$[0x7][0xb3].[0x5][0xd5][0x90][0xf9]y[0xa9][0x90]UN[0xe0][0xa5]Ny[0x99][0x19][0x99]9[\n]"
12:24:55.640 [main] DEBUG org.apache.http.wire -  << "[0xc9][0xf9]EE[0xa5][0x5]%[0x99][0x90][[0xbb]S[0x8b][0x15]r[0x13]!'[0xb3][0xa7][0x92]W[0xaf][0x99]"[0x92][0x16]m[0xab][0x10]3[0xa4][0x8e][0x2][0xcc]&][0x1c][0xbb][0x1]p[0xc][0xf6][0xe0]_z[0x1][0x9d][0xd3][0xa7][0xd2][0x1d][0xd6][0x86][0x98][0x3]S[0x83][0xf9][0x9e]eD[\n]"
12:24:55.641 [main] DEBUG org.apache.http.wire -  << "[0x83][0x87]-[0xe6]9[0xfe][0xe0][0x99][0x99][0xc1][0x10][0xb6][0x98]i[0x8e][0x86][0xfd][0xb]3[0xa4][0xfe][0x5],phh[0x9d]9[0xd2][0xb0][0xc][0xcc]:[0x8c][0x96]2[0xbe][0x98] z[0x13][0x8a]9[0xd2]u[0x80][0x9e]y%[0xa9]99[0x99][0xe9][0xa9]y%[\n]"
12:24:55.641 [main] DEBUG org.apache.http.wire -  << "nE[0xf9]U[0xa9]y[\n]"
12:24:55.641 [main] DEBUG org.apache.http.wire -  << "[0xce][0x19][0x89][0x99]E[0xba]I$[0xd9]M\[0xe][0xb3]DjwBN[0x8d][0xd0][0xcd][0xc7][0xb0][0x6][0xdb][0xc1]K[0xc8][0xb7][0xc4][0x9b][0x1b] [0xba][0xbe][0xb4][0xe]'[0xc4]d[0x6][0xcc]&Z&[0x0],E[0x7]F[0xe8][0x80][0x13][0x0]U&I-[0x90][0xe]@[0x85][0xf9][0xe][0xbb]u8r>[0xd1][0xe9][0xcd][0x2]i[0xac][0x8a][0xd6]6![0xda][0xab]0[0x9b]h[0x18]c[0x16]X[0xaa]&[0x9a]Z[0x87][0xe8]K[0xd2][0xc5]w[0xf4][0xca]h[0x16]H=v[0x98][0xc7]h[0x94][0x14][0xc9][0xba][0x8a][0x11]i!"[0xf1][0x89][0x1e][0xe9](C[0x1a][0xfb][0x9][0xe9]f=Z[0xdb][0x84]Y[0x1][0xd3]([0x9e][0xe8]v[0x4][0x9c][0x85][0x9][0xa2][0xc1][0xe6][0x9b][0x9a][0x92][0x99][0x9f]\[0x94][0xaa][0xe0][0x93][0x9a]X[0x92][0x91]Z[0xa4][0x80][0xe3][0xb2][0x99][0x90][0xfc][0x12][0xf0][0xe0][0x90]Bi^J*[0xf8]j#[0xa4][0xa1]![0x90]y[0xa0]Fx^z[0xb1][0x92][0x15][0x9e][0xa3]c-[0x90][0xae]M[0x83][0xec]a[0x8][0xcf][0xcf]OI[0xcd]S[0x8]H[0xcc]+[0x1][0xa5]8[0xd4][0x13]p]+@[0xa3]T[0x89][\n]"
12:24:55.641 [main] DEBUG org.apache.http.wire -  << "[0xf9])[0x99]%[\n]"
12:24:55.641 [main] DEBUG org.apache.http.wire -  << "9[0x89][0xa5])[0x89]y%[0x99][0xa5][0xb9][\n]"
12:24:55.641 [main] DEBUG org.apache.http.wire -  << "[0xa9][0xc5][0xc8][0xed]w[0xd0]T21[0x96][0x1b]!]<[0x87][0xbd][0xbf]3[0xa0][0xa3][0xef]F[0x4]{[0xd3][0x3][0xec]<B][0xd8][0x81]u[0x1e][0xd2][0x19]v[0x83]1r[0x91][0x8e][0x94][0x1b][0x94][0xce]#[0xb6][0xda][0xa3]J3[0xcc][0xc8][0x14][0xd1][0xc8][0x1c][0x94][0xa1]A([0xa9][0xf][0xc0]`[0x9b][0x11][0xdd][0x8e][0xd5]3B:[0x1b][0xcd]7[0xbf][0xb4][0x18]s[0xbc][0x5][0xdc] [0xc7][0xd1]B&v![0x99][0x19]"[0x9][0xd0][0xd0][0x12]D[0xdd]M[0x9b][0x99][0x1f]#[0xcc][0x13][0xd0]p,p[0xa4]N[0xc6]A:[0x0][0x8d][0xba]k[0xd8][0x90][0xe]1[0xa3][0xb2][0xc1][0x83]{[0x91].[0xd2]Q_[0xd8]K[0xa2][0x81][0xc8][0xea][0xe6][0x88]>[0xf][0x8d][0x92]-[0xd2]Y^[0xd8][0xbd]=[0xb0][0x95][0xb9]9"[0xdf]bw[0xde][0x80][0xc4][\n]"
12:24:55.641 [main] DEBUG org.apache.http.wire -  << "[0xa2]V[0xa0]Q[0xac]`[0x9e]M[0x85][0xb9];[\n]"
12:24:55.641 [main] DEBUG org.apache.http.wire -  << "_[0xd9]kdi[0x89]zO[0x4][0x9e][0xa6][0xb8][0x11][0xd2][0x9]S[0xb4][0xf2][0xe]"[0xeb]C[0xfb]h4[0xf4][0x8e]%[0xa2]>[0x81]Z[0x86][0xa3] [0xc6]Qo[0x11][0xdd][0xc9]5F:[0xa8][0x80]6[0x1]g[0x8c]4[0xda][0x87]=[0xf9][0xf]h[0xee]4[0xa6][0xf9][0x6]`c[0xa4][0x11][0xb][0x1a][0x5]1[0xd2]F[0xc4][0xc1][0x18][0xc4]F[0x83][0xb0][0x0]4F[0x1a][0xdd][0x19][0x8c]a[0x86][0xb4][0x91][0x10][0xbb][0xf3][0x6][0xa0][0xd2]0F[0xda]{H[0xab]C[0xe6][0x8c][0x91][0xc6][0xc2]hg[0x7][0xe6][0xa4][0x19][\r]G}[0x8d][0x91]V[0x10]!]0[0xee][0x93][0x99][0x97][0x9a][0xa7][0x80][0xfd][0x16][0xf7][0xb0][0xfc][0x9c][0xd2][0x82][0x92][0xc4]b[0x85][0xb2][0xd4][0xbc][0xcc][0xc4]\[0x85][0xc4][0x9c][0xcc][0xc2][0xd2][0xcc][0x14][0xa4]A*[0xd4][0xc5]T&[0xb8][0xb7][0x87][0x1b]#]`[0xe1][0x9a][0x97]_[0x94][0x9b]_Z[0xac][0xe0][0x9b]X[0x94][0x94][0x93][0x8a][0xc3]r[0xcf][0x14][0x85]2[0x88][0xfd]%[0x99][0xa0]+[0xe3][0xcb]2K[0x12]S[0x15][0x8a]K[0x8b][0x93]3[0xb]2a[0x97]4[0x17]+$&)[0xe4]d&[0xa5][0x16][0xe5][0xe3]t[0x15][0x9e][\n]"
12:24:55.641 [main] DEBUG org.apache.http.wire -  << "[0xdb][0xd8][0x18]Q[0xc3]![0xcf]`[0xb9][0x17]%[0xe6]e[0x96][0xa4]*[0xe0][0x98][0x1b][0xf],[0xcd]T(.[0xcd]+Q[0xc8][0xcd][0xcf]I-.[0xc9]LL[0x85][0xb3][0x8a]q[0xdc][0x1a][0x8d][0x1a]Px[0x9d]D[0xa8][0x98][0x1a][0xd8][0x8a][\n]"
12:24:55.641 [main] DEBUG org.apache.http.wire -  << "iy[0x91][b^IbqIf[0xb2][0x82]s~^rQj[0x9][0xae][0xa8][0xc]B\[0xa4][0xad][0x90][\n]"
12:24:55.641 [main] DEBUG org.apache.http.wire -  << "JK[0xa9]%[\n]"
12:24:55.641 [main] DEBUG org.apache.http.wire -  << "[0x85][0xa5][0xf9])[0xa0][0xeb][0xdb][0x13][0xa1][0xb][0x9]rAK[0xe6][0x12]S2[0xb]2[0x8b][0x93][0x91][0xef]tG[\r]8<[0x97]t[0x19]#[0xed][0x94][0xc4]^V[\r]p[0xc0]![0xc6][0x87]a[0xab][0x9][0xa1][0x8b][0x19][0xb1]g>[0xa7][0xd4]DP[0x82][0x87][0xe6]9[0x5]<[0xd9][0xe]_jB[0xda]09([0x3][0x5]1FF[0xa3]F[0xc9][0xe0][0x1e][0x1]66At[0x80][0x6]c[0xfc][0xc][0xee][0x11]`c[0xa4][0x11]`[0x9f][0xcc][0xf4][0x8c][0x92][0xf2]T[0x10][0xa9][0x10][0x9e][0x9f][0x9f][0x3]Y~[0x80]1[0xab][0xe4][0x3]Z[0x94][0x9b][\n]"
12:24:55.641 [main] DEBUG org.apache.http.wire -  << "[0xaf]YR[0x8b][0x15][0x92][0xe0][0xe7]:![0xd5] [0xa0]f[0x19]1[0xf3][0x1f][0xc6]HK[0xab][0xb0][0xc7][0xdf]@4[0x90][0x90]n@[0xa1]Q[0xae]B[0x1a]l[0xce]M[0xcc][0xcc]K[0xcc]SH[0xcc]K[0x4][0x1d][\n]"
12:24:55.642 [main] DEBUG org.apache.http.wire -  << "[0x8b]:[0xd9]T\[0x92][0x9a]Z[0x94][0x99][0x97][0xae]P[0x9e][0x91][0x9a][0x9a][0x83][0x8][\n]"
12:24:55.642 [main] DEBUG org.apache.http.wire -  << "[0xe2];[0x86]H[0xcb][0xc3][0xb0][0x87][0xef][0xc0][0x16][0xea]H[0x3][0xc8][0xd8][0x9d][0x87][0xf0]3[0xdd][0xf6][0x81][0x1a]#m[0x10][0xa7]Q[0xf4]#[0xdd][0xda]B+[0x1b][0x10][0xb5]%5[0xef][0x12][0xc5]s[0x80][0x91]1[0xd2][0xf6][0xf3][0xe2][0xd2][0xe2]R[0x85][0xec][0xd2][0x94]D[0x85][0x9c][0xcc]D[0xcc]ul`ih[0x82][0x87][0x9e][0x82]l[0x89]r[0x94].[0xbe]f[\n]"
12:24:55.642 [main] DEBUG org.apache.http.wire -  << "[0xd2]e.[0xb4][0xcd]:HS[0xe][0xd0][0xd1][0x1b]3[0x8c][0xe2][0x10]>[0xf2][0x85]~[0x94][0x86]![0xf1]Y[0x14]i[0xd6][0x81]V[0x89][0x1][0xd1]$[0x6][0x7]=[0x5]1[0x83]"
12:24:55.642 [main] DEBUG org.apache.http.wire -  << "[\r][\n]"
12:24:55.643 [main] DEBUG org.apache.http.wire -  << "D07[\r][\n]"
12:24:55.643 [main] DEBUG org.apache.http.wire -  << "[0xaf][0xad][0x84]4[0xef]@[0xcd]4[0x87][0xcf]J[0xa4][0xb9][0x7]h[0x1c][0xd1]j[0x84][0xcd][0x1c]1pH[0xa3]XB[0xba][0x88][0x84][0x96][0xb1][0x84]4[0xbb]@Skh=_`[0x8c]4_[0x0]*K[0x14][0x12]+[0x13]s12([0xd8][0x8b] iDE[0x82]Z[0xd4][0xe0]M][0x88][0xde]-[0xad]S[0x17]"[0x87][0xd2]*u![0x1a][0xca]4[0xf6][0xb][0xd2] >[0xad]mBTr4[\n]"
12:24:55.643 [main] DEBUG org.apache.http.wire -  << "5[0xa4][0xa3]Eh[0xed][0x17]DO[0xe]{Kh`[0x1b]jH[0x17][0x1]`w[0x1e]"[0xd1][0xaf][0xa1][0x86]t[0x8a][0x8][0x8d][0xe2][0x1f][0xb4][0x8e][0xb]zh6[0xad]l@[0xac][0x94][0xa5]W[0xa5]I[0xf0] [0x91][0x81]Mj[0x4][0xf][0xfa][0xc0][0x95][0xd4][0x8c][0xd0][0x86]O[0xa1][0x1b]J[0x8c]L[0x91]F[0xb6][0xdc][0x13]s3[0xf3][0xd2]1[0xaa][0x9][0x84][0x8f][0x15][\n]"
12:24:55.643 [main] DEBUG org.apache.http.wire -  << "J[0x8b][\n]"
12:24:55.643 [main] DEBUG org.apache.http.wire -  << "[0xf2][0x8b]S[0x8b][0x95][0x90][0x17][0xbb][0x1b][[0xd2][0xbc]:[0xb3]D[0x14][0x0][0xb4]Jj[0x88][0xea][0x8c]V6[0xd0][0xbc][0x1a][0x3]u[0x13]h[0x9a]!M@W[0xb1]@m[0xa0]m[0x91]o[0x82]t([0x9][0xd2][0xe]m[0xe8][0xa0]>x[0xf7][0x7]F:u[0xcd],-V(H-*.[0xc8]L[0xce]L,[0xc9],[0x6][\r][0x1]#[0x8d][0xbb][0x80][0x92])1[0xe3].&H[0x9b]\h[0x93][0x16]Lh>%m[0x82]t[0xba][0x89]{~Qz*hJ[0x4][0xba]v[0xd7][0x19]K[0xaf][0xd3][0x1f][0xb4]b[0x17][0xbe][0xfd][0xe]67[0x92][0x8a][0xbc][0xb7][0xdd][0xd4]RG[0x89][0xb8][0xe0][0xa3]uq`[0x82]4[0xdf]N[0xeb]dH[0xeb]LkB[0xf4][0xe][0x17][0xaa],H3A[0xda][0xe6]B[0xa3][0xb4][0x8d]t[0xfa]<[0xad]l[0xa0]uw[0xd3][0x84][0xbe][0xbb][0x9c]L[0x90][0xce]$[0xc1][0xde][0x80]DT[0xc1][0xb8][0xea]w[0xf4][0xae][0x1a][0x15][0xeb]w[0x13][0xa4][0x83][0xcc][0xb1];o@[0x1c][0x85]h[0x1b][0xe][0x1a]G[0x99]b[0xe][0x8b][0xd1]h[0xc8][0xc5][0x14][0xcb][0xe0][0xe][\r][0xe7][0xf7]M[0x91]Fx[0x2][0x9c][0x15][0xdc][0x1d]}=[0xfd][0xdc]1*[0xe0][0xe0][0x0]Wo[0x5][0xf]Ow[0xf]Dz[0xb0][0x4][0xb5][0x18][0x88][0xa9]5L[0x91][0xd6][0xd2][0x5]$[0xe6]$[0xfa][0xe4][0xfb]$bX[0x80]sD[0xd1][0xc8][0xd2][0x12][0xb4][0xa8][0x82]8[0x8b][0x10][0xa5][0x7][0x8d]-B,[0xc1][0xa0]S[0xef][0xc5][0x14][0xe9]R@[0x1a][0xfb][\r][0xd1]\[0xa6][0x93][0xdf][0xcc][0x90]J!X[0xa5]O[0xc3][0x14]o[0x86][0xb4][0xa4][\r]iE[0xb]t[0xfb]q@fUU[0xa2]n2[0xee][0x4][0x8a][0xe5]h\[0xe2][0xb6][0x1f][ m*[0x83]n?[0xc6][0x1c]Y'[0xb4][0xfd][0xd8][0xc]i[0xb5][0x1c]|ALpfN[0xb6][0x2][0xf6][0xb3][0x8d]<[0xf3][0x14][0x92][0xf3][0xf3][0x8a]S[0xb]KK[0xf3]JJ[0x8b]@[0xed]f[0xc8][0xd9][0xc][0x85][0xa5][0x89][0xc5][\n]"
12:24:55.643 [main] DEBUG org.apache.http.wire -  << "[0x99][0xa5][0xc5]%[0xf9] [0xb1][0xe2][0xc2][0xd2]D[0xe4][0x16]![0xea][0xf2][0x9][0xf4][0x1a][0x8][0xe9][0x14]Z3,[0x7][0xf6][0xd3]4[0xee][0x10][0xe3]y[0xc8]+o[0x82][0xf3][0xd3]J[0x14][0x82][0xf3][0x13][0xb]t[\r][0x6]m[0xcc]![0x1d][0xe6][0x8f][0x94][0xec][0x82]J[0x93][0x92]R[0x8b][0x14]<[0x12]KtI[0xdb][0xdd]A[0xcf]D[0x7]*[0x81][0xa1][0x9d]C[0x8f][0xc4][0xbc][0x94][0xdc][0xc4][0x94]TPz[0x3]/[0xe2][0x9][0xce][0xc8]O-[0xd6][0xc5][0xbc][0x8][0x14]^[0xa2][0x93][0x9f]a@{[0x19][0xa1][0xd6]B3[0xc][0xe6][0xf9]Y[0x4]3[0x8c]1[0xa2][0xac][0x86]o[0xb0][0x84][0x1c]a[0x82]=[0xc7]8[0xc3]N*[0xc9][0xcd][0xcc]+-VH[0xc9]L.IT([0xce][0xcf])-I[0x84][0xcd][0xff][0x17]#u=[0x89][0xcf])H[0xb][0xe9][0xe0]97 [0x7][0xb2][0x12][\n]"
12:24:55.644 [main] DEBUG org.apache.http.wire -  << "[0xfb]Z[0x1e][0xd0][0xd9]`[0xa0][0x93][0xc3]@[0x8b][0xe8]R+[\n]"
12:24:55.644 [main] DEBUG org.apache.http.wire -  << "r2[0x93][0x13][0x93][0xf2]A[0xfb]0[0xc9];[0x99][0xcc][0xc]i1[0x1d][0xac][0x9c][0xc5][0x9d][[0xd0][0xa7][0xf6][0xf0][0xcf][0xec]Q[0xb1]Qj[0x86]4n[0x5]u&i[0x8b][0xd5][0xe9]6[0x12]k[0x86]t[0x14][0x14]N[0x97]"ZL[0xf8][0xf6]cQ3[0xfc][0x90][0x8e][0x9f]G.#[0x1d]sJAI:W[0xc1])[0x11]s$[0xd0]71=/S!/[0xbf][0xb8][0xa4][0x8]t[0x14]][\n]"
12:24:55.644 [main] DEBUG org.apache.http.wire -  << "h=biJfb^Jb[0xaa][0x2][0xb8][0xae][0xc8]K,)-[0x86][0x9c]N[0x7][0x12]A^l[0x7][0xbe]d[0x91][0x98][0x16][0x9a][0x19][0xd2][0x12][0x13]h[0x80][0xd1][0xa8][0x15]m[0x86]t[0x8][0xfd][0xa0][0xe9]D[0x98]![0xad][0x15][0x18]D[0x8e]B[0xc][0xea][0x4][0xe7][0xa4][0xa6]f+[0xc0][0x13]JHb[0x12][0x96]#[0x9e]\[0x8b][0x8a][0xf2][0x8b][0x14]JRs[0xb][0xf2][0x8b][0xc0])![0x11]r>![0xf2][0xb6][0xf0][0xbc][0xd4]\[0xb2]V[0xd6][0x9a]!u[0xb3][0x6]Q[0x8]![0x9a][0xc4][0x83][0xc8]QH[0xe3]W[0xa5]E[0xa0][0x98][0x82][0x9f][0x1b][0x80]c[0xfd]qpf[0x89][0x2][0xa8]%[0x98][0x9][0xda][0xb5][0xaf][0x90][0x99][0x93][0x3][0xda][0xbf][0xf]]W[0x9b]W[0x9a][0x93][0x93][0xa8][0x90][0x98][0x9c]\Z[0x9c][0x98][J^[0x5][0x87][0xb4][0x10][0x82]p[0xe6][0x1e][0xb8][0xea][0x5]i[0xe5][0xa0]v&Rg[0xb6](1[0xb9]$391[0x7]z[0x90]([0xb8][0xc9][0x85]Qs[0xbb]V$[0xa7][0x16][0x94][0x94][0x16]eB[0xa3]61[0x97][0xbc][0xb3][0xd5][0xcc][0x90]f[0xb2]i3[0xcc]g[0x86]4[0xbf][0xec]Z[0x94][0x9e][0x9f][0x97][0xf]:W[0xe]^[0xec][0xf8]$[0xe6][0x16]`[0xf8][0xce]/[0xb5]89[0x13][0xb4]x>5[0x11][0x94]|[0xc9]j[0x81]![0xf5][0xa1][0x9][0xc7]<[0x96]f+[0xfe]&[0x10]r[0xaf][0x8][0xe9][0xbe][0xfa][0xa0]Rp3[0x19]:B[0x8f][0xbd][0xcd][0x19]X[0x9a][0x9][0xee][0x81])[0xe4][0xe6][0xa7][0x80]s'[0x92][0xf7][0x88][0xae]\[0xcd][0x91].M[0xa5][0xad][0xf7][0xcc][0x89][0x1e][0xd9][0xa6]t[0x87][0x9f]9[0xd2]9[0xd8]4[0xf6][0x13][0xe6] [0x84]9F"[0xc4][0xd7][0xa7]!:q[0x98]#[0x9d][0xcc][0xc][0xf5][0x93][0x5][0xad]lB[0x94]![0x83][0xa6][0xe2]2G:m[0xc9][0xa3]@!,[0xb3],_![0xd2][0x8][0xb3][0xff][0x98][0x9b][0x9a][0x9b][0x99][0x93][0x99][0x9d][0xa9]P\[0x90]Z[0x9c][0x99][0x96][0x99][0x9d]X[0x9c][0xa9]P[0x99][0x98][0x97][0xae][0x90]X[0x90][0x9]Z3[0xc]]Bil[0x0][0x6][0xc4][0xcd]`[0x99]#[0x8d][0xfd][0xd0]:[0xec][0x11][0x13][0xdb]P[0x9b]h[0xd4][0xd4]5[0xc7]2[0x4][0x83]==Qe[0x9e][0xc9]|0n[0x88]4G[0x1a]\q[0x6]][0x83][0x9a]R[0x9a]S[0x8a][0x11][0x8][0xa0][0xbb]S3[0x12][0xf3]*[0x13]As[0xc9][0xa0][0xdb]R[0x13][0xf3][0x14][\n]"
12:24:55.644 [main] DEBUG org.apache.http.wire -  << "[0xf2][0x8b]A[0x83][\n]"
12:24:55.644 [main] DEBUG org.apache.http.wire -  << "[0xd0][0xc4]djI[0xf4]29s[0xa4]M[0x8e]4[0x8e]`[0xe4][0x9d][0x8b][0xa0][0x1d]S)[0x99][0xa0][0xfd]o[0xd0][0x19]s[0xec]5[0x8a]s~A[0x1][0xf8][0x8a]X[0xa8][0xc7],[\r]A}Ub[0xfa]h[0xe6]H[0x83]=[0xc8][0xbb]#[0xa0];[0xfe]R+[0x93][0xf2][0x13][0x8b]R0[0xc2][0x16][0xb4]y[0x2][0xd1][0xd5]5[0xb6][0xb4][0xb4] 2G"[0x8d][0xcf][0xc0]68A}[0xe6][0x94][0x9a][0x97][0x9c][0x81]a[0x11]l[0xd3][0x18][0xc2]23C[0xd0][0xc2]r[0xe2][0xfc][0x86][0xe8][0xeb][0xc0][0xe7][0xce]ac0[0xd8][0x97][0x1e]@[0xf7][0xf4]!l35[0x7][0xb5][0x8f][0x88][0xb3][\r]Q[0x4] w[0xc4][0xa1][0xde][0xc3][0xda][0xcc]q[0xce]/)[0xc9][0xcf]C[0xd8]fn[0x0][0xda]kH[0x9c]m[0x88]^[\n]"
12:24:55.644 [main] DEBUG org.apache.http.wire -  << "|[0xa0][0xb][0xe6]7o\[0xd1][0x86][0x19][0x9a][0x96][0x6][0xa0][0x8d][0x0][0xc4][0xd9][0x88][0xe8][0x82][0xc0]m[0x4][0xa5][0x3][0x5][0xec][\r]T[0xc8]P'[0xc2]o[0x16][0x16][0xa0][0xd9]Q[0xe2]lB[0xc][0xfb][0xc2][0xe3][\r][0x92] [0xb1][0x1e][0xaa][0xf][0x9]a$[0x9b][0xc][0x89]]!b[0x8e][0xb4]Q[0xd1][0x5][0xbd][[0x85]e[0xdc][0x4][0xdd]OF&[0xa0][0x9d]cD[0xf9][0x9]i[0x98][0xb]9[0x9f][0xc1][0xa2][0xcc]9'?[0x19]T[0xcd][0xa1]n[0x8d][0x81]5[0x92][0x11]~31[0x5][0x1d][0x1e]M[0x9c][0x8d][0x88][0x85][0xa3][0xc1][0x95]y[0xa9]E[0xe9][0x99][0xe0][0xa6])$[0xb4]p[0xed]Z[0x5]M. l35[0x0]-p![0xce]6D^C[0x1a][0xef][0x86][0xb6][0x83][0xb1]F[0x1b][0xf4][0xdc];[0x84]mF[0xe0]Si[0x89][0xb3][\r]{^[0x83][0xc4][0x8f]BpFf[0x11][0xa8][0x98]G[\r]L[0x88][0xc7][0x11][0xd6][0x99][0x18][0x81][0xd6]&[0x11]g[0x1d]"[0xb3]![0x9f][0x8d][\r][0xf5][0x81][0x2][0xf6][0x91][0x13][0xf4]B[0xd9][0xc8][0x14][0xb4][0xbe][0x94]8[0xfb][0x10]Y[\r]9[0xb1][0xc0][0x92][0x3][0x8e]S[0xfb] [0xbe]G[0xf6] h[0xeb][0x1b]q[0x16]"r[0x1c]b[0xc3].(-`[0x1d]>[0x84][0xb9][0x3]a[0x95][0x99]%[0xe8][0xe4][0x18][0xa2][0xac]25[0xd0]Q[0x82][0xe][0xf3]#[0xfb][\r][0x16][0x96][0xce][0xf9][0xb9][0x5][0xa5]%[0xe0][0xca][0xc]5[0xfa][0xd0][0xcb]JS3[0xe2][0xad]D,1[0x80][0xf6][0xcf]<[0x8b][0xf2][0xf3][0xb0]z[\r][0x9a][0x1f][0x11]>3[0xb5][0x4][\r]R[0x11][0xe7]3D[0xfb][0x1b]2[0xb4][0x6][0xe]@[0xe2][0x12][0x87][0xb1]%[0xa8][0xda]'[0xce][0x1a]D[0xbe][0x86]U[0xa1][0x90][0xa4][0xa6][0x80]mA[0x18][0xb8][0xdc]Dx[0xc7][0xd8][0x4][0xd4] '[0xce][0x1e][0xc4]T[\n]"
12:24:55.644 [main] DEBUG org.apache.http.wire -  << "r[0xf9][0x1].[0xf2][0xb1][0x1f][0x1b][0x89][0x9e][0x0]-L@[0x93][0xa0][0xc4]Y[0x86](>[0x10][0x9e][0x2]U[0x8e][\n]"
12:24:55.644 [main] DEBUG org.apache.http.wire -  << "[0xe1][0x89]99[0xa9][0x98][0xb9][0x19][0xb2]-[0x1a][0xd9]c[0xc4][0xae]P07E[0xe4]fH<Ak}[0x5][0xec][0x85]0z[0xb9]ai[0xe][0x1a]S"[0xce]W[0x88]|[0x8c]T([0x82][0x13][0x1f][0xb6][0xb8][0x2]_[0x1c][0x83][0xf0][0x92][0xb9][0xa5][0xa5]1[0x91][0xcd]*[0xd0][0x9a]>h[0xa6][\n]"
12:24:55.644 [main] DEBUG org.apache.http.wire -  << "@[0x1b]>[0xc2][0x1e]U[0x90][0x82][0x19]a[0x97][0x91][0x11][0xd1][0x85][0x13][0xd2]vFhn[0x2][0xa7]s[0xec][0xed]7[0x8c][0xfc]ddbiH[0xa4][0xa7]@[0xed]<[0xa8][0xa7][0x90][0x1b]T[0xe0][0xe0][0xc3][0x91]*[0xb0]X[0x7][0xea][0x13][0x15]YHs[0x8][0xc8][0x5][0x13]4oy`[0xb9][0xcd][0x7][0xb3]9ea`aD[0xac][0xef][0x90][0xb2][0x17]x [0x1e][0x12]%[0xa0][0xb9]a,[0xad]`PV@[0xc4][0x96][0x89][0x1]h[0xf9][0x1f]q[0xbe]Bd,hl[0xc1]R;[0xf6]YH[0xf4]<lflbJ[0xac][0x8f][0x10][0x95]2[0xbc][0xd9][0x6][0xc9][0xa6]X[0x8b]Zh[0x89][0x8f][0xe4]+[0x13][0xd0]Y[0xf1][0xc4][0xf8][0xca][0x84]n[0x3]E&[0x86][0x88][0xf0][0xc3]>[0xa8]2[0xb0]K[0xfa][0x90][0x8e][0x84][0xc2][0xee]<[0xa4][0xe0][0x5]-+[0xc7][0x19][0xba]T[0x9c][0x92]4A[0xba][0x95][0x8b]6C[0xca][0xe0]J[0xc]Z4[0xd0][0xb6]7n[0x82]9[0x84]D[0xa3][0x81][0x1d][0x13][0xa4][0xb5]>[0xf8][0xfd]D[0x95][0x81][0x1d][0x13][0xa4]q$ZE[0x12][0xa2][0xf6][0xc3][0xef]!J[0xc7][0x8d]M@'1@[0x93][0x3][0x8d][0xfc][0x82]4[0xe2]Dc[0xbf][0xd0]m[0xa0][0xc9][0x4][0xd4][0xe2][0x84][0x86][0x1a][0xcc]O4\[0xcc]e[0x82]4[0xd2]D[0xab]HB[0xaa]R[0xf3][0xf3]*[0x15][0x2][0x82]i[0x95]W[0x91]V[0xf7]`/v[0x7][0xb6]V[0x0][0x8d]"AcvP:[0xf][0xd1][0xdb][0xc4][0xee][0xbc][0x81][0xa8][0xb4][0x90][0x87][0x82][0xc2]\[0x14]|K[0xd3]S[0xf3][0x14]B[0x8a][0x12]3A[0xe3]s[0xa8]]Q[0x84][0xf3][0xc][0x8d]@[0xd3][0x11][0xc4][0xb5][0x8f]L[0x90][0x86][0x80][0xa0][0xf9]m[0x90][0xae]t2[0x1][0x8d][0x1e]C[0xd3][0xf]N[0x97]"[0x2][0x81]N+[0x9d]L[0x90][0x16][0x8]bO6[0x3][0x9b][0xe9]@[0xed]dh[0xa0][0xd1][0xe0][\n]"
12:24:55.644 [main] DEBUG org.apache.http.wire -  << "c[0x13][0x13]D[0xeb][0x9a]F[0xc5]'h,[0x13][0xea][0x81]A[0x19][0xbe][0x83][0xb1][0xd4]@[0x1a][0xcd][0xc2][0x99]S[0xf0][0xcd]#[0xd3]m[0xf5][0xa2][0x9][0xd2])]8]J[0xff]<[\r][0x1a][0xcd][0x86][0xa6]9[0xb7][0xd2][0xa2][0xbc][0xcc][0x92][0xd2][0xa2]T[0x85][0x90]|[0xcc][0x15]![0x8][0xd9][0x94][0xc4][0xa2]L[0x5][0xaf][0xd4][0x82][0xc4]"[0xd0][0xc6][0x12][0xe8][0x8c][0x97]![0xe8][0x8c]4[0x9c][0x9d][0x1b][0xa4][0xc5][0x1a]&H[0x87]q[0xd1]([0x1f]![0xad][0xc8][0xa4][0x95][\r][0x88][0xb2][0x0]g\[0x12][0x9f][0xea][0x8c]i[0xb7][0xa5][0xdc][0x4]y[0xac][\r][0xd2]$[0xc3][0xac][0xf3][0x6] [0xd5]!z&[0x88]tE[0xd3]T[0x87]4hF[0xd5]c[0xfe]M@[0xd3]w[0xd0][0xc][0x4]M[\n]"
12:24:55.644 [main] DEBUG org.apache.http.wire -  << "[0xb4]j[0xf3]"[0x8d][0x8f][0xd1][0xda]&[0xba][0xb5][0xe3][0x91][0xce][0xd9][0x1a][0x8c]U[0x1e][0xd2][0xa9]Y[0x1][0xc1]X[0xae]!-6QHJ,[0x2]-}[0x80][0x16][0x83][0xa0][0xe5]1D[0xb6]F[0xcd][0x10]y`0z[0x1d]i_[0xe4][0xa0]t[0x1e]b[0xae]gP:[0xf][0x91][0x83][0xb0];[0xf]Q[0xe6][0xd2][0xaf][0x5][0x82]t[0x96][0x15]-[0x1a][0xc8][0xe6][0x88]i[0x1d][0xec]~[0x1e][0xd8][0xee][0x81][0xf9]`l[0xbe]"m[0xd6][0x85][0xef]R[0x2]O[0xf0]a[0x9d][0xb1]w[0x4]/[0x18][0x87]\[0x5][0x97]_P[0x92][0x99][0xf]=[0x96][0x99][0xac][0x5][0xe4][0xa6][0xa0]Y4X[0xcd][0x85][0xb4]>[0x1]:[\r][0x82]}Q[0x89]+[0xf8]Lh[0xd0][0xb9][0xd0]d[0xda][0x89][0xc8][0x17][0xb4][0xad][0xc3]L[0x91][0xae][0x92][0xa1][0x82]Mx[0xe]M7E[0xce]VE[0xf9])[0xa5][0xc9]%[\n]"
12:24:55.644 [main] DEBUG org.apache.http.wire -  << "[0x8e][0xa5]9[0x99][0x89][\n]"
12:24:55.644 [main] DEBUG org.apache.http.wire -  << "[0xc6][0x18][0xf3]H[0xa0]%q[0x5]P5[0x89]p5[0xd0][0xba][0x3]_7[0x1e][0xa9][0x1]m[0x8a][0x94][0xcf][0x2][0xa0]f[0xd1][0xd6]>DEE[0x1f][0xfb][0x10][0x19][0x95][0x1e][0xf6][0x99][0x81]&([0xa1][0xf9][0x0]>m[0x6][0xcb][0x4][0x89]9[0x89])[0x83][0xf8]Fo#D-[0x8]K[0xe4]4[0x1c]A6C[0x9a]W[0xa2][0x8b]u[0x98][0x85][0x5]M}[0x87]H[0xe7][0xf4][0xf0][0x1d][0xd2]<[0x83]{j^jQf[0xb2][0x2]d[0xee][0x17][0xb2][0xb3][0x9a][0xb4]E[0xea]t[0xdd][0x9e][0x8c][0xa8][0xe7][0x91][0x17]cA[0xab]-[0x1c][0xab][0x87][0x2]K[0xf3]a7S[0x80]v[0xc0]'*[0xe4][0xe5]'e[0x92]U[0x87][0x98][0x19]c[0xc6][0x13]FA[0xb][0xef]|[0xf][0xdc][0xc6]'[0xd0][0xd2][0x1b]h[0xb1][0x82]X[0x12][0x2][0x9]$[0xec]k[\r][0xf3]2s[0xc1][0xbb]Q[0x14][0xf2]s[0xf3]2[0x8b][0x15][0x12]KK@[o[0x14][0xf2][0x93][0x93][0x13]S[0x93][0x13]K[0x90][0xb7][0x80][0x12][0xbf][\r][0x1a]iT[0x1d][0x96][0xa8][0x7]c`![\r]-C[0x9d][0x89]9L[0x1][0x8f]S,{[0x85][0xe8][0xd6][0x88]6C[0xba][0xab][0x1][0xa7]K[0x11][0x8d]{[0xe4]:[0x1d][0xbd][\r]A[0xc5][0x19]3[0xa4][0xb1]o[0xa8][0xab]h4[\n]"
12:24:55.645 [main] DEBUG org.apache.http.wire -  << "a[0x86]4[0xc][0x8e][0xbd][0x95][0x8f][0xf0]<[0x1d]#[0x5]Q$[0xd0][0xea]" 3[0xd0][0x0]'4?[0xf][0x1e][0x8f]#[\r]*[0xc3][0xd7][0x84]C[0xd7][0xf5][0x80][0x8e][0x8c]([0xc1]<[0xe4][0xc2]%[0xb5]8[0xb5][0x8][0xb4][0xb3][0xaf][0x10][0xb6][0xb]./[0x15]t[0xab]KYj[0xe][0xb8][0xb8])#[0xf3][0x96][0x1e]3[0xa4][0x91][0xe4]A[0x14]>[0x88]&[0x4]r][0x5]9[0x91][0x2]k[0x1f]+[0xb4]D[0x1][0x12] [0x5][0xf9][0xc5][0xc5][0x99][0xb9][0xa5][0xc5][\n]"
12:24:55.645 [main] DEBUG org.apache.http.wire -  << "[0xb9][0xe0][0xcd][0xfa][0x85][0xa5][0x99][0x89]H[0xfb][0x4][0x89]/[0x81][0x91][0x96][0x6][0xc2]VV[0xfa][0xa6][0x96]$[0xe6]@[0x96][0xed][0xeb]bv[0x12][0xf0][0x95]sD[0xd6][0xf3]H}][0xe8]Q[0x1e][0x98]G[0xec][0x10]<[0xca][0x3]i[0xc8]t[0xf0]D([0xd2]p[0xeb] r[0x14][0xa2][0x19]N[0x8f][0x1e][0x8b]9[0xd2][0x9a]8[0xda][0x96][0xf6][0xe6][0x86][0x18][0x13][0x1d]8[0xea][0x15][0xaa][0xac][0x89]2GZM[0x87][0xdf]cT[0xb2][0xe]Qm[0xd0][0xc5]:D[0xc7][0x16][0xbf]u[0x94][0xae][0xc7][0x2]/[0x90][0x86][0xd6]U[0x84]m[0x1a][0xb0]&[0xb2]9[0xd2]e[0x4][0xb4][0x99][0xa8]3[0x7]mQ[0x80][0x6][0x4][0xd2][0xe9][0xb7][0xd0][0xe2][0x1f][0xcb][0xf1][0xad][0xd0][0x9b][0x87]RKs[0x15]R@[0xdb]u[0xf2][0x92]K2[0x91][0x8f][0xd6][0x0]u[0xda][0x88][0x99][0xe5]4G*[0x81][0xe1][0x3]{[0xe0]e[0xda][0xd8][0xb7]#[0xb8][0xe6]e[0xe6]*[0x94][0x96][0x80][0x8e][0xf6]H[0x4][0xf5][0x8f][0x90]j[0x1a][0xd0][0x1c][0x4]QV"[0x8d]%[0xd2][0xa7]/h[0x97][0x1e]4[0xa0][0x91]V[0xda][0x83]}[0x8c]}[0x1]<|[0x13]~[0xe][0xf8]b@[0x94][0x13]p[0x8a]SS[0xa0][0x95]pq*[0xca]E[0x86]&[0xc4][0xcd][0xad][0x98][0x83][0x16][0x81]C]C[0xa3][0x84]e[0x81][0xd8][0x4]B[0xaf][0xc0][0x8e][0xad][0xe5][0x2][0x0][0x0][0x0][0xff][0xff]"
12:24:55.645 [main] DEBUG org.apache.http.wire -  << "[\r][\n]"
12:24:55.645 [main] DEBUG org.apache.http.wire -  << "A[\r][\n]"
12:24:55.645 [main] DEBUG org.apache.http.wire -  << "[0x3][0x0][0x86][0xd0][0x9b][0xcc][0xdb]![0x2][0x0]"
12:24:55.645 [main] DEBUG org.apache.http.wire -  << "[\r][\n]"
12:24:55.645 [main] DEBUG org.apache.http.wire -  << "0[\r][\n]"
12:24:55.646 [main] DEBUG org.apache.http.wire -  << "[\r][\n]"
12:24:55.646 [main] DEBUG io.restassured.internal.RestAssuredHttpBuilder - Parsed data to instance of: class org.apache.http.conn.EofSensorInputStream
12:24:55.703 [main] DEBUG org.apache.http.impl.conn.BasicClientConnectionManager - Releasing connection org.apache.http.impl.conn.ManagedClientConnectionImpl@23c767e6
12:24:55.704 [main] DEBUG org.apache.http.impl.conn.BasicClientConnectionManager - Connection can be kept alive indefinitely
12:24:55.819 [main] DEBUG net.thucydides.core.steps.StepInterceptor - STEP DONE: I send GET all product HTTP request
  &amp#27;[32mWhen &amp#27;[0m&amp#27;[32mI send GET all product HTTP request&amp#27;[0m               &amp#27;[90m# starter.stepdefinitions.PostSteps.sendGetAllProductHttpRequest()&amp#27;[0m
12:24:55.826 [main] DEBUG net.thucydides.core.steps.StepInterceptor - STARTING STEP: PostSteps.receiveValidHttpResponse1 - I receive valid HTTP response code 200 1
12:24:55.863 [main] DEBUG net.thucydides.core.steps.StepInterceptor - STEP DONE: I receive valid HTTP response code 200 1
  &amp#27;[32mThen &amp#27;[0m&amp#27;[32mI receive valid HTTP response code 200 1&amp#27;[0m          &amp#27;[90m# starter.stepdefinitions.PostSteps.receiveValidHttpResponse1()&amp#27;[0m
12:24:55.868 [main] DEBUG net.thucydides.core.steps.StepInterceptor - STARTING STEP: PostSteps.receiveGetDataAllProduct - I receive valid get data for all product
12:24:56.632 [main] DEBUG net.thucydides.core.steps.StepInterceptor - STEP DONE: I receive valid get data for all product
  &amp#27;[32mAnd &amp#27;[0m&amp#27;[32mI receive valid get data for all product&amp#27;[0m           &amp#27;[90m# starter.stepdefinitions.PostSteps.receiveGetDataAllProduct()&amp#27;[0m
12:24:56.637 [main] INFO  - 
  _____   ___   ___   _____     ___     _     ___   ___   ___   ___  
 |_   _| | __| / __| |_   _|   | _ \   /_\   / __| / __| | __| |   \ 
   | |   | _|  \__ \   | |     |  _/  / _ \  \__ \ \__ \ | _|  | |) |
   |_|   |___| |___/   |_|     |_|   /_/ \_\ |___/ |___/ |___| |___/ 

GET As admin I have be able to get all product
----------------------------------------------------------------------
]]></system-out>
  </testcase>
  <testcase name="POST As admin I have be able to create new product" classname="user" time="0.432">
    <system-out><![CDATA[
Scenario: POST As admin I have be able to create new product &amp#27;[90m# src/test/resources/api/Api.feature:11&amp#27;[0m
12:24:56.664 [main] INFO io.cucumber.core.plugin.SerenityReporter - Running feature from file:///C:/Users/ASUS/Documents/GitHub/Mini-Project/RestTesting/src/test/resources/api/Api.feature
12:24:56.665 [main] WARN io.cucumber.core.plugin.SerenityReporter - Feature from file:///C:/Users/ASUS/Documents/GitHub/Mini-Project/RestTesting/src/test/resources/api/Api.feature is not under the 'features' directory. Requirements report will not be correctly generated!
12:24:56.669 [main] INFO  - 
  _____   ___   ___   _____     ___   _____     _     ___   _____   ___   ___  
 |_   _| | __| / __| |_   _|   / __| |_   _|   /_\   | _ \ |_   _| | __| |   \ 
   | |   | _|  \__ \   | |     \__ \   | |    / _ \  |   /   | |   | _|  | |) |
   |_|   |___| |___/   |_|     |___/   |_|   /_/ \_\ |_|_\   |_|   |___| |___/ 

POST As admin I have be able to create new product(user;post-as-admin-i-have-be-able-to-create-new-product)
--------------------------------------------------------------------------------
12:24:56.730 [main] DEBUG net.thucydides.core.steps.StepInterceptor - STARTING STEP: PostSteps.setPostPRoductApiEndpoints - I set POST new product api endpoints
12:24:56.730 [main] DEBUG net.thucydides.core.steps.StepInterceptor - STEP DONE: I set POST new product api endpoints
  &amp#27;[32mGiven &amp#27;[0m&amp#27;[32mI set POST new product api endpoints&amp#27;[0m                 &amp#27;[90m# starter.stepdefinitions.PostSteps.setPostPRoductApiEndpoints()&amp#27;[0m
[...]
12:25:01.268 [main] DEBUG org.apache.http.wire -  >> "Authorization: Bearer eyJhbGciOiJIUzI1NiIsInR5cCI6IkpXVCJ9.eyJGdWxsbmFtZSI6IkpvaG4gRG9lIiwiRW1haWwiOiJzb21lb25lQG1haWwuY29tIn0.WvBSxcQEqqniC1v08LzkrHcELegs0b7vtjGPWiaEWcI[\r][\n]"
12:25:01.268 [main] DEBUG org.apache.http.wire -  >> "Accept: */*[\r][\n]"
12:25:01.268 [main] DEBUG org.apache.http.wire -  >> "Host: altashop-api.fly.dev[\r][\n]"
12:25:01.268 [main] DEBUG org.apache.http.wire -  >> "Connection: Keep-Alive[\r][\n]"
12:25:01.268 [main] DEBUG org.apache.http.wire -  >> "User-Agent: Apache-HttpClient/4.5.13 (Java/1.8.0_261)[\r][\n]"
12:25:01.268 [main] DEBUG org.apache.http.wire -  >> "Accept-Encoding: gzip,deflate[\r][\n]"
12:25:01.268 [main] DEBUG org.apache.http.wire -  >> "[\r][\n]"
12:25:01.268 [main] DEBUG org.apache.http.headers - >> GET /api/auth/info HTTP/1.1
12:25:01.268 [main] DEBUG org.apache.http.headers - >> Content-Type: application/json
12:25:01.268 [main] DEBUG org.apache.http.headers - >> Authorization: Bearer eyJhbGciOiJIUzI1NiIsInR5cCI6IkpXVCJ9.eyJGdWxsbmFtZSI6IkpvaG4gRG9lIiwiRW1haWwiOiJzb21lb25lQG1haWwuY29tIn0.WvBSxcQEqqniC1v08LzkrHcELegs0b7vtjGPWiaEWcI
12:25:01.268 [main] DEBUG org.apache.http.headers - >> Accept: */*
12:25:01.268 [main] DEBUG org.apache.http.headers - >> Host: altashop-api.fly.dev
12:25:01.268 [main] DEBUG org.apache.http.headers - >> Connection: Keep-Alive
12:25:01.268 [main] DEBUG org.apache.http.headers - >> User-Agent: Apache-HttpClient/4.5.13 (Java/1.8.0_261)
12:25:01.268 [main] DEBUG org.apache.http.headers - >> Accept-Encoding: gzip,deflate
12:25:01.313 [main] DEBUG org.apache.http.wire -  << "HTTP/1.1 200 OK[\r][\n]"
12:25:01.314 [main] DEBUG org.apache.http.wire -  << "content-type: application/json[\r][\n]"
12:25:01.314 [main] DEBUG org.apache.http.wire -  << "date: Wed, 10 May 2023 05:25:01 GMT[\r][\n]"
12:25:01.314 [main] DEBUG org.apache.http.wire -  << "content-encoding: gzip[\r][\n]"
12:25:01.314 [main] DEBUG org.apache.http.wire -  << "transfer-encoding: chunked[\r][\n]"
12:25:01.314 [main] DEBUG org.apache.http.wire -  << "server: Fly/3f2597ca (2023-05-03)[\r][\n]"
12:25:01.314 [main] DEBUG org.apache.http.wire -  << "via: 1.1 fly.io[\r][\n]"
12:25:01.314 [main] DEBUG org.apache.http.wire -  << "fly-request-id: 01H021XD97VSXC3W43CWRVQQKZ-sin[\r][\n]"
12:25:01.314 [main] DEBUG org.apache.http.wire -  << "[\r][\n]"
12:25:01.314 [main] DEBUG org.apache.http.impl.conn.DefaultClientConnection - Receiving response: HTTP/1.1 200 OK
12:25:01.314 [main] DEBUG org.apache.http.headers - << HTTP/1.1 200 OK
12:25:01.314 [main] DEBUG org.apache.http.headers - << content-type: application/json
12:25:01.314 [main] DEBUG org.apache.http.headers - << date: Wed, 10 May 2023 05:25:01 GMT
12:25:01.314 [main] DEBUG org.apache.http.headers - << content-encoding: gzip
12:25:01.314 [main] DEBUG org.apache.http.headers - << transfer-encoding: chunked
12:25:01.314 [main] DEBUG org.apache.http.headers - << server: Fly/3f2597ca (2023-05-03)
12:25:01.314 [main] DEBUG org.apache.http.headers - << via: 1.1 fly.io
12:25:01.314 [main] DEBUG org.apache.http.headers - << fly-request-id: 01H021XD97VSXC3W43CWRVQQKZ-sin
12:25:01.315 [main] DEBUG org.apache.http.impl.client.DefaultHttpClient - Connection can be kept alive indefinitely
12:25:01.315 [main] DEBUG io.restassured.internal.RestAssuredHttpBuilder - Parsing response as: application/json
12:25:01.315 [main] DEBUG org.apache.http.wire -  << "6C[\r][\n]"
12:25:01.315 [main] DEBUG org.apache.http.wire -  << "[0x1f][0x8b][0x8][0x0][0x0][0x0][0x0][0x0][0x4][0xff][0xab]VJI,IT[0xb2][0xaa]V[0xf2]tQ[0xb2]24[0xb3]4[0xb1][0xd0]Qr+[0xcd][0xc9][0xc9]K[0xcc]MU[0xb2]R[0xf2][0xca][0xcf][0xc8]Sp[0xc9]OU[0xd2]Qr[0xcd]M[0xcc][0xcc]Q[0xb2]R*[0xce][0xcf]M[0xcd][0xcf]Ku[0x0]q[0xf5][0x92][0xf3]s[0x95]t[0x94][0x2][0x12][0x8b][0x8b][0xcb][0xf3][0x8b]R[0x94][0xac][0x94][0xc][0x8d][0x8c][\r][0x8d][0x8c][0x95]jk[0xb9][0x0][0xbf][0xec][0xea][0x18][[0x0][0x0][0x0]"
12:25:01.315 [main] DEBUG org.apache.http.wire -  << "[\r][\n]"
12:25:01.315 [main] DEBUG org.apache.http.wire -  << "0[\r][\n]"
12:25:01.315 [main] DEBUG org.apache.http.wire -  << "[\r][\n]"
12:25:01.315 [main] DEBUG io.restassured.internal.RestAssuredHttpBuilder - Parsed data to instance of: class org.apache.http.conn.EofSensorInputStream
12:25:01.316 [main] DEBUG org.apache.http.impl.conn.BasicClientConnectionManager - Releasing connection org.apache.http.impl.conn.ManagedClientConnectionImpl@750e2d33
12:25:01.316 [main] DEBUG org.apache.http.impl.conn.BasicClientConnectionManager - Connection can be kept alive indefinitely
12:25:01.317 [main] DEBUG net.thucydides.core.steps.StepInterceptor - STEP DONE: I send GET user info HTTP request
  &amp#27;[32mWhen &amp#27;[0m&amp#27;[32mI send GET user info HTTP request&amp#27;[0m                      &amp#27;[90m# starter.stepdefinitions.PostSteps.sendGetUserInfoHttpRequest()&amp#27;[0m
12:25:01.321 [main] DEBUG net.thucydides.core.steps.StepInterceptor - STARTING STEP: PostSteps.receiveValidHttpResponse14 - I receive valid HTTP response code 200 14
12:25:01.322 [main] DEBUG net.thucydides.core.steps.StepInterceptor - STEP DONE: I receive valid HTTP response code 200 14
  &amp#27;[32mThen &amp#27;[0m&amp#27;[32mI receive valid HTTP response code 200 14&amp#27;[0m              &amp#27;[90m# starter.stepdefinitions.PostSteps.receiveValidHttpResponse14()&amp#27;[0m
12:25:01.325 [main] DEBUG net.thucydides.core.steps.StepInterceptor - STARTING STEP: PostSteps.receiveValidGetDataUserInfo - I receive valid get data for user information
12:25:01.341 [main] DEBUG net.thucydides.core.steps.StepInterceptor - STEP DONE: I receive valid get data for user information
  &amp#27;[32mAnd &amp#27;[0m&amp#27;[32mI receive valid get data for user information&amp#27;[0m           &amp#27;[90m# starter.stepdefinitions.PostSteps.receiveValidGetDataUserInfo()&amp#27;[0m
12:25:01.344 [main] INFO  - 
  _____   ___   ___   _____     ___     _     ___   ___   ___   ___  
 |_   _| | __| / __| |_   _|   | _ \   /_\   / __| / __| | __| |   \ 
   | |   | _|  \__ \   | |     |  _/  / _ \  \__ \ \__ \ | _|  | |) |
   |_|   |___| |___/   |_|     |_|   /_/ \_\ |___/ |___/ |___| |___/ 

GET As admin I have be able to get user information
----------------------------------------------------------------------
]]></system-out>
  </testcase>
  <testcase name="GET As admin I have be able to get orders" classname="user" time="0.51">
    <system-out><![CDATA[
Scenario: GET As admin I have be able to get orders &amp#27;[90m# src/test/resources/api/Api.feature:87&amp#27;[0m
12:25:01.355 [main] INFO io.cucumber.core.plugin.SerenityReporter - Running feature from file:///C:/Users/ASUS/Documents/GitHub/Mini-Project/RestTesting/src/test/resources/api/Api.feature
12:25:01.355 [main] WARN io.cucumber.core.plugin.SerenityReporter - Feature from file:///C:/Users/ASUS/Documents/GitHub/Mini-Project/RestTesting/src/test/resources/api/Api.feature is not under the 'features' directory. Requirements report will not be correctly generated!
12:25:01.358 [main] INFO  - 
  _____   ___   ___   _____     ___   _____     _     ___   _____   ___   ___  
 |_   _| | __| / __| |_   _|   / __| |_   _|   /_\   | _ \ |_   _| | __| |   \ 
   | |   | _|  \__ \   | |     \__ \   | |    / _ \  |   /   | |   | _|  | |) |
   |_|   |___| |___/   |_|     |___/   |_|   /_/ \_\ |_|_\   |_|   |___| |___/ 

GET As admin I have be able to get orders(user;get-as-admin-i-have-be-able-to-get-orders)
--------------------------------------------------------------------------------
12:25:01.392 [main] DEBUG net.thucydides.core.steps.StepInterceptor - STARTING STEP: PostSteps.getOrderApiEnpoints - I receive valid post data for new order
12:25:01.392 [main] DEBUG net.thucydides.core.steps.StepInterceptor - STEP DONE: I receive valid post data for new order
  &amp#27;[32mGiven &amp#27;[0m&amp#27;[32mI set GET order api endpoints&amp#27;[0m               &amp#27;[90m# starter.stepdefinitions.PostSteps.getOrderApiEnpoints()&amp#27;[0m
12:25:01.395 [main] DEBUG net.thucydides.core.steps.StepInterceptor - STARTING STEP: PostSteps.sendGetOrderHttpRequest - I send GET order HTTP request
12:25:01.397 [main] DEBUG net.thucydides.core.steps.StepInterceptor - STARTING STEP: GetOrder.sendGetHttpRequest - I receive valid post data for new order
12:25:01.398 [main] DEBUG net.thucydides.core.steps.StepInterceptor - STEP DONE: I receive valid post data for new order
12:25:01.408 [main] DEBUG org.apache.http.impl.conn.BasicClientConnectionManager - Get connection for route {s}->https://altashop-api.fly.dev:443
12:25:01.408 [main] DEBUG org.apache.http.impl.conn.DefaultClientConnectionOperator - Connecting to altashop-api.fly.dev:443
12:25:01.573 [main] DEBUG org.apache.http.client.protocol.RequestAddCookies - CookieSpec selected: ignoreCookies
12:25:01.573 [main] DEBUG org.apache.http.client.protocol.RequestAuthCache - Auth cache not set in the context
12:25:01.573 [main] DEBUG org.apache.http.client.protocol.RequestProxyAuthentication - Proxy auth state: UNCHALLENGED
12:25:01.573 [main] DEBUG org.apache.http.impl.client.DefaultHttpClient - Attempt 1 to execute request
12:25:01.573 [main] DEBUG org.apache.http.impl.conn.DefaultClientConnection - Sending request: GET /api/orders HTTP/1.1
12:25:01.573 [main] DEBUG org.apache.http.wire -  >> "GET /api/orders HTTP/1.1[\r][\n]"
12:25:01.573 [main] DEBUG org.apache.http.wire -  >> "Content-Type: application/json[\r][\n]"
12:25:01.573 [main] DEBUG org.apache.http.wire -  >> "Authorization: Bearer eyJhbGciOiJIUzI1NiIsInR5cCI6IkpXVCJ9.eyJGdWxsbmFtZSI6IkpvaG4gRG9lIiwiRW1haWwiOiJzb21lb25lQG1haWwuY29tIn0.WvBSxcQEqqniC1v08LzkrHcELegs0b7vtjGPWiaEWcI[\r][\n]"
12:25:01.573 [main] DEBUG org.apache.http.wire -  >> "Accept: */*[\r][\n]"
12:25:01.573 [main] DEBUG org.apache.http.wire -  >> "Host: altashop-api.fly.dev[\r][\n]"
12:25:01.573 [main] DEBUG org.apache.http.wire -  >> "Connection: Keep-Alive[\r][\n]"
12:25:01.573 [main] DEBUG org.apache.http.wire -  >> "User-Agent: Apache-HttpClient/4.5.13 (Java/1.8.0_261)[\r][\n]"
12:25:01.573 [main] DEBUG org.apache.http.wire -  >> "Accept-Encoding: gzip,deflate[\r][\n]"
12:25:01.573 [main] DEBUG org.apache.http.wire -  >> "[\r][\n]"
12:25:01.573 [main] DEBUG org.apache.http.headers - >> GET /api/orders HTTP/1.1
12:25:01.573 [main] DEBUG org.apache.http.headers - >> Content-Type: application/json
12:25:01.573 [main] DEBUG org.apache.http.headers - >> Authorization: Bearer eyJhbGciOiJIUzI1NiIsInR5cCI6IkpXVCJ9.eyJGdWxsbmFtZSI6IkpvaG4gRG9lIiwiRW1haWwiOiJzb21lb25lQG1haWwuY29tIn0.WvBSxcQEqqniC1v08LzkrHcELegs0b7vtjGPWiaEWcI
12:25:01.573 [main] DEBUG org.apache.http.headers - >> Accept: */*
12:25:01.573 [main] DEBUG org.apache.http.headers - >> Host: altashop-api.fly.dev
12:25:01.573 [main] DEBUG org.apache.http.headers - >> Connection: Keep-Alive
12:25:01.573 [main] DEBUG org.apache.http.headers - >> User-Agent: Apache-HttpClient/4.5.13 (Java/1.8.0_261)
12:25:01.573 [main] DEBUG org.apache.http.headers - >> Accept-Encoding: gzip,deflate
12:25:01.831 [main] DEBUG org.apache.http.wire -  << "HTTP/1.1 200 OK[\r][\n]"
12:25:01.832 [main] DEBUG org.apache.http.wire -  << "content-type: application/json[\r][\n]"
12:25:01.832 [main] DEBUG org.apache.http.wire -  << "date: Wed, 10 May 2023 05:25:01 GMT[\r][\n]"
12:25:01.832 [main] DEBUG org.apache.http.wire -  << "transfer-encoding: chunked[\r][\n]"
12:25:01.832 [main] DEBUG org.apache.http.wire -  << "content-encoding: gzip[\r][\n]"
12:25:01.832 [main] DEBUG org.apache.http.wire -  << "server: Fly/3f2597ca (2023-05-03)[\r][\n]"
12:25:01.832 [main] DEBUG org.apache.http.wire -  << "via: 1.1 fly.io[\r][\n]"
12:25:01.832 [main] DEBUG org.apache.http.wire -  << "fly-request-id: 01H021XDJSM73K0KZAS4MAY22Y-sin[\r][\n]"
12:25:01.832 [main] DEBUG org.apache.http.wire -  << "[\r][\n]"
12:25:01.832 [main] DEBUG org.apache.http.impl.conn.DefaultClientConnection - Receiving response: HTTP/1.1 200 OK
12:25:01.832 [main] DEBUG org.apache.http.headers - << HTTP/1.1 200 OK
12:25:01.832 [main] DEBUG org.apache.http.headers - << content-type: application/json
12:25:01.832 [main] DEBUG org.apache.http.headers - << date: Wed, 10 May 2023 05:25:01 GMT
12:25:01.832 [main] DEBUG org.apache.http.headers - << transfer-encoding: chunked
12:25:01.832 [main] DEBUG org.apache.http.headers - << content-encoding: gzip
12:25:01.832 [main] DEBUG org.apache.http.headers - << server: Fly/3f2597ca (2023-05-03)
12:25:01.832 [main] DEBUG org.apache.http.headers - << via: 1.1 fly.io
12:25:01.832 [main] DEBUG org.apache.http.headers - << fly-request-id: 01H021XDJSM73K0KZAS4MAY22Y-sin
12:25:01.832 [main] DEBUG org.apache.http.impl.client.DefaultHttpClient - Connection can be kept alive indefinitely
12:25:01.832 [main] DEBUG io.restassured.internal.RestAssuredHttpBuilder - Parsing response as: application/json
12:25:01.832 [main] DEBUG org.apache.http.wire -  << "333[\r][\n]"
12:25:01.832 [main] DEBUG org.apache.http.wire -  << "[0x1f][0x8b][0x8][0x0][0x0][0x0][0x0][0x0][0x4][0xff][0xaa]VJI,IT[0xb2][0x8a][0xae]V[\n]"
12:25:01.832 [main] DEBUG org.apache.http.wire -  << "([0xca]O)M.Q[0xb2]R[\n]"
12:25:01.832 [main] DEBUG org.apache.http.wire -  << "*-.[0xc9]LV[0x8][0xcf][0xcf]OI[0xcd]SpJLW[0xd2]Q[\n]"
12:25:01.832 [main] DEBUG org.apache.http.wire -  << "([0xca]LNU[0xb2]240[0xd0]Q[\n]"
12:25:01.832 [main] DEBUG org.apache.http.wire -  << ",M[0xcc]+[0xc9],[0xa9]T[0xb2]2[0xd4]Q[\n]"
12:25:01.832 [main] DEBUG org.apache.http.wire -  << ".M*[0xc9]/I[0xcc][0x1][0xcb][0xd5][0xea] [0x9b][0x13]P[0x94][0x98]\[0x92][0x99][0x9c][0x98][0xa3][0xe0][0x93][0x99][0x7]2)[0xbf][0xa4]$'[0x95]L[0xc3][0x82]sRS[0xb3][0xa1][0x6][0xb9][0xe7][0xe4][0x97][0xa5][0x16][0x93]i[0x90]SQbrjNj[0x9]B[0xbb][0x91][0x11]nO[0x19][0x19][0x19][0xe0][0xf2][0x94]{Qb^fI[0xaa][0x82]s~"[0x92]a$[0x85]Ppe^jQz&,[0xb8]s[0x14][0x82]32[0x8b][0xc8]5L[0x1][0xc9]G[0x96][0x96]8[0xa3][0xc9][0xc8][0xd2][0x12][0xd5]G[0x14][0x6][0x88]_bq[0xa6][0x82]Kbi[0x9e][0x82]WjQi[0xb6]Bbeb[0xae]Bz~Qj[0x1e]r[0xba][0xb1]4[0xc0][0x97]r@[0xb2][0xa8][0x8e][0xf2][0xcc]+I[0xcd][0xc9][0xc9]LO[0xcd]+[0x81]Fz@b^[0x9]R[0x9c][0x9b][[0x18][0x9a]"[0xfb][0xd1][0x8]%)[0x9a][0x9a][0x19][0xa3][0xc5][0x1b]4Q;[0xe7][0x17][0x14][0xa4][0x16][0xa1][0xc5][0x99][0xa5][0xa9][0x91][0x9]n[0xb3],[\r]L,P[0x1d][0xe7][0x98]Z[0x94][0x9f]R[0x99][0x97][0x98][0x9b][0x99][0xac][0x10]T[0x9a][0x94][0x94]Z[0xa4][0xe0][0x81][0x9c][0x6][0x8c]L[0xcc]-p[0x9a]gbij[0x86]j\pnbN[0x8e][0x82]s~^rQjI[0xaa][0x2][0x9a]G[0xcd],L[0x8d]q[0x1a]fhln[0x80]f[0x9a]kQz~^>[0xc8]i[0xb0][0x4][0x1a][0x90][0x93]X[0x82][0x94][0xed][0x8c][0x8d]-q[0x1b]hfn[0x81]f[0x1e]4[0xe0][0xa0][0xa5][0x1][0x9a]Y[0xe6][0x86][0x16]F[0xb8][0x1d]gblf[0x82][0xea]U[0x9f][0xcc][0xf4][0x8c][0x92][0xf2]T[0x10][0xa9][0xe0][0x98]S[0x9a][0x9b][0x99]W[0x9a][0x8b][0x1a]v[0xa6][0x86][0x16](i[0x17]5^[\r][0x8c][0xcd][0xd1][0xe2][0xc2]=[0xbf](=5[0xbf][0xb4]X! [0x11][0x14][0xb1][0xe1][0x89]%[0xc9][0x19]H[0x19][0xc1][0xc4][0x2][0xb7]_M,[0xcd][0xd0][0xfc][\n]"
12:25:01.832 [main] DEBUG org.apache.http.wire -  << "[0x89][0x9][0x1c][0xe1]fij[0x86][0xdb],CKC#4[0xc3][0x90][0x8a][0xbf][0xd4][0xc4][0x92][0xc]P[0xaa][0xcb][0xc9]O[0xce]F8[0xce][0xc4][0xd4][0xc][0xa5][0xe0]A[0xf1][0xaa][0xa5]!z[0xc9][0xe3][0x9b][0x9a][0x92][0x99][0x9f]\[0x4]*p[0xc0]i[0x18]-[0x9d]X[0x18]Y[0xe2][0x89][\n]"
12:25:01.832 [main] DEBUG org.apache.http.wire -  << "3S[0xb][0xb4][0xa8]@[0xce]a[0xe1][0xf9][0xf9]9[\n]"
12:25:01.832 [main] DEBUG org.apache.http.wire -  << "[0xde]y[0x99]iH[0xc9][0xc4][0xd2][0xd0][0x8]O[0x6][0xb3]02E[0xcb]`%[0xa9][0xc5]%[0x99]y[0xe9][\n]"
12:25:01.832 [main] DEBUG org.apache.http.wire -  << "[0x5][0xd0]z[0x4][0xb9][0xce][0xc0][0x97][0xf7][\r][0xc][0xc][0xd0]L[0x8a]p[0xf2][0x8f]0D[\n]"
12:25:01.832 [main] DEBUG org.apache.http.wire -  << "&<[0x85][0x99][0x9]zaF[0x89]^[0xcf][0x82][0x8c][0xfc][0xbc]T[0x5]CC[0x5]3[0x13][0x85][0xf4]$[0x84][0xb][0x8c][0xd0]\`j[0x8a]\[0xd8][0x98][0x98][0x19][0x9b][0x98][0xa2]&[0xf3][0xc1]h[0x12]r[0xd6][0x83][0xd4][0xc7][0xde][0xa9][0x95]I[0xf9][0x89]E)[0x8][0x8f][0x1a][Z[0xe2].[0xb8][0xcc]--[0xd1]R8<[0xef]A[0xcc]C[0xad][0x8]-[0xc]-[0xf1][0xa4][0x1f]3cK[0xb4]Xw)-JL[0xca]IU[0xf0][0x81]f[0x16][0x94]v[0x87][0x91][0x89][0x89]9[0xce]r[0xc6][0xc4][0xc2][0x12]O[0xda][0x86][0x16][0xd0]h5[0xab][0x89][0x91][0x81]!N[0x3]-L[0xc][0x8c]P#[0x14][0xd2][0xfa][0x8][0xce][0xcc][0xc9]V[0x8][0x1][0xb9][0x12]9[0xc8][0x8c]qg;s[0xb][0xf4][0x2][0xd0][0xb1]<[0xb5]8?[0x17][0x9e][0x87][0x9d][0x13][0x8b][0x90][0x8c]2[0xc1]S[\r][0x99]Y[0xa0][0xd7]B[0x10]7[0xc1][\n]"
12:25:01.832 [main] DEBUG org.apache.http.wire -  << "+g[0xd4][0xb2][0xc5][0xd2][0xdc][0x1c][0xb7][0xff][0xc]-MM[0xd0]<[0x8]-[0xe5]a[0xa6][0xa1][0x95][0x5][0xa0][0x14][0x8e][0x1c]Z[0x0][0x0][0x0][0x0][0xff][0xff]"
12:25:01.832 [main] DEBUG org.apache.http.wire -  << "[\r][\n]"
12:25:01.832 [main] DEBUG org.apache.http.wire -  << "6D[\r][\n]"
12:25:01.832 [main] DEBUG org.apache.http.wire -  << "B)[0xa9][0xc][0x8d][0xcc][0xd0][0xe3][0x12][0x9e]0[0x9c][0x8a][0xf2][0xf3][0xaa]RQ[0xdb][0x90]&&[0x6][0xb8][0x13][0x86][0x85][0x85]!Z[0xba][0x80][0x17]{[0x1]9[0x89][0xe0][0x86][0x12]z[0xeb][0xcf][0xd4][0xd2][0x8]w[0xa2]54[0xb4]@[0xaf]n[0x11][0x15]$[0xbc][0xca][\r][0xce][0xc8]GnOZ[0x9a][0x19][0xe3][0xa9][0x83],[0x8d][0xd0][0xeb] D[0xa4]B[0xab]p[0xe7][0xfc][0xdc][0x82][0xd2][0x92]T[0xa4][0xb8][0xb5]@k[0xff][0xa0][0x86][0xa0][0x19][0xa8][0xc][0x8c][0xad][0xe5][0x2][0x0][0x0][0x0][0xff][0xff]"
12:25:01.832 [main] DEBUG org.apache.http.wire -  << "[\r][\n]"
12:25:01.832 [main] DEBUG org.apache.http.wire -  << "A[\r][\n]"
12:25:01.832 [main] DEBUG org.apache.http.wire -  << "[0x3][0x0][0xa9][0xbe][0xde]K[0x8f][0xb][0x0][0x0]"
12:25:01.832 [main] DEBUG org.apache.http.wire -  << "[\r][\n]"
12:25:01.832 [main] DEBUG org.apache.http.wire -  << "0[\r][\n]"
12:25:01.832 [main] DEBUG org.apache.http.wire -  << "[\r][\n]"
12:25:01.832 [main] DEBUG io.restassured.internal.RestAssuredHttpBuilder - Parsed data to instance of: class org.apache.http.conn.EofSensorInputStream
12:25:01.834 [main] DEBUG org.apache.http.impl.conn.BasicClientConnectionManager - Releasing connection org.apache.http.impl.conn.ManagedClientConnectionImpl@6dc2279c
12:25:01.834 [main] DEBUG org.apache.http.impl.conn.BasicClientConnectionManager - Connection can be kept alive indefinitely
12:25:01.834 [main] DEBUG net.thucydides.core.steps.StepInterceptor - STEP DONE: I send GET order HTTP request
  &amp#27;[32mWhen &amp#27;[0m&amp#27;[32mI send GET order HTTP request&amp#27;[0m                &amp#27;[90m# starter.stepdefinitions.PostSteps.sendGetOrderHttpRequest()&amp#27;[0m
12:25:01.837 [main] DEBUG net.thucydides.core.steps.StepInterceptor - STARTING STEP: PostSteps.receiveValidHttpResponse16 - I receive valid HTTP response code 200 16
12:25:01.837 [main] DEBUG net.thucydides.core.steps.StepInterceptor - STEP DONE: I receive valid HTTP response code 200 16
  &amp#27;[32mThen &amp#27;[0m&amp#27;[32mI receive valid HTTP response code 200 16&amp#27;[0m    &amp#27;[90m# starter.stepdefinitions.PostSteps.receiveValidHttpResponse16()&amp#27;[0m
12:25:01.839 [main] DEBUG net.thucydides.core.steps.StepInterceptor - STARTING STEP: PostSteps.receiveValidGetDataOrder - I receive valid get data for order
12:25:01.853 [main] DEBUG net.thucydides.core.steps.StepInterceptor - STEP DONE: I receive valid get data for order
  &amp#27;[32mAnd &amp#27;[0m&amp#27;[32mI receive valid get data for order&amp#27;[0m            &amp#27;[90m# starter.stepdefinitions.PostSteps.receiveValidGetDataOrder()&amp#27;[0m
12:25:01.855 [main] INFO  - 
  _____   ___   ___   _____     ___     _     ___   ___   ___   ___  
 |_   _| | __| / __| |_   _|   | _ \   /_\   / __| / __| | __| |   \ 
   | |   | _|  \__ \   | |     |  _/  / _ \  \__ \ \__ \ | _|  | |) |
   |_|   |___| |___/   |_|     |_|   /_/ \_\ |___/ |___/ |___| |___/ 

GET As admin I have be able to get orders
----------------------------------------------------------------------
]]></system-out>
  </testcase>
</testsuite>