<?xml version="1.0" encoding="UTF-8" standalone="no"?><testsuite errors="0" failures="0" name="user" skipped="0" tests="15" time="9.96" timestamp="2023-05-10 12:24:51"><testcase name="GET As admin I have be able to get all product"/><testcase name="POST As admin I have be able to create new product"/><testcase name="GET As admin I have be able to get product by id"/><testcase name="DELETE As admin i want to delete product"/><testcase name="POST As admin I have be able to assign product rating"/><testcase name="GET As admin I have be able to get product rating"/><testcase name="POST As admin I have be able to post comment product"/><testcase name="GET As admin I have be able to get product comment"/><testcase name="POST As admin I have be able to make product category"/><testcase name="GET As admin I have be able to get product category"/><testcase name="DELETE As admin i have be able to delete product category"/><testcase name="POST As admin I have be able to register"/><testcase name="POST As admin I have be able to login"/><testcase name="GET As admin I have be able to get user information"/><testcase name="GET As admin I have be able to get orders"/></testsuite>